<?xml version="1.0" encoding="UTF-8"?>
<testsuite xmlns:xsi="http://www.w3.org/2001/XMLSchema-instance" xsi:noNamespaceSchemaLocation="https://maven.apache.org/surefire/maven-failsafe-plugin/xsd/failsafe-test-report-3.0.xsd" version="3.0" name="starter.CucumberTestSuite" time="29.817" tests="1" errors="0" skipped="0" failures="0">
  <properties>
[...]
</properties>
  <testcase name="adminlogoutwebsite" classname="admin logout" time="24.467">
    <system-out><![CDATA[14:55:25.948 [main] INFO io.cucumber.core.plugin.SerenityReporter - Running feature from file:///D:/capstone/web%20testing/src/test/resources/features/Login.feature
14:55:26.169 [main] INFO  - 

-------------------------------------------------------------------------------------
     _______. _______ .______       _______ .__   __.  __  .___________.____    ____ 
    /       ||   ____||   _  \     |   ____||  \ |  | |  | |           |\   \  /   / 
   |   (----`|  |__   |  |_)  |    |  |__   |   \|  | |  | `---|  |----` \   \/   /  
    \   \    |   __|  |      /     |   __|  |  . `  | |  |     |  |       \_    _/   
.----)   |   |  |____ |  |\  \----.|  |____ |  |\   | |  |     |  |         |  |     
|_______/    |_______|| _| `._____||_______||__| \__| |__|     |__|         |__|    
                                                                                     
 News and tutorials at http://www.serenity-bdd.info                                  
 Documentation at https://wakaleo.gitbooks.io/the-serenity-book/content/             
 Join the Serenity Community on Gitter: https://gitter.im/serenity-bdd/serenity-core 
 Serenity BDD Support and Training at http://serenity-bdd.info/#/trainingandsupport  
-------------------------------------------------------------------------------------

14:55:26.172 [main] DEBUG net.thucydides.core.steps.StepEventBus - Test suite started for story net.thucydides.core.model.Story@9b3c88cf
14:55:26.176 [main] INFO  - Test Suite Started: As a admin, I want to see home page
14:55:26.195 [main] INFO io.cucumber.core.plugin.SerenityReporter - Running feature from file:///D:/capstone/web%20testing/src/test/resources/features/Logout.feature
14:55:26.201 [main] DEBUG net.thucydides.core.steps.StepEventBus - Test suite started for story net.thucydides.core.model.Story@69e705ea
14:55:26.202 [main] INFO  - Test Suite Started: admin logout
14:55:26.202 [main] INFO io.cucumber.core.plugin.SerenityReporter - Running feature from file:///D:/capstone/web%20testing/src/test/resources/features/booking.feature
14:55:26.207 [main] DEBUG net.thucydides.core.steps.StepEventBus - Test suite started for story net.thucydides.core.model.Story@13ccf0ba
14:55:26.207 [main] INFO  - Test Suite Started: admin see detail booking page
14:55:26.208 [main] INFO io.cucumber.core.plugin.SerenityReporter - Running feature from file:///D:/capstone/web%20testing/src/test/resources/features/class.feature
14:55:26.214 [main] DEBUG net.thucydides.core.steps.StepEventBus - Test suite started for story net.thucydides.core.model.Story@509f8330
14:55:26.214 [main] INFO  - Test Suite Started: admin on the class page
14:55:26.214 [main] INFO io.cucumber.core.plugin.SerenityReporter - Running feature from file:///D:/capstone/web%20testing/src/test/resources/features/content.feature
14:55:26.219 [main] DEBUG net.thucydides.core.steps.StepEventBus - Test suite started for story net.thucydides.core.model.Story@1e597557
14:55:26.220 [main] INFO  - Test Suite Started: admin can see detail content page
14:55:26.220 [main] INFO io.cucumber.core.plugin.SerenityReporter - Running feature from file:///D:/capstone/web%20testing/src/test/resources/features/dashboard.feature
14:55:26.231 [main] DEBUG net.thucydides.core.steps.StepEventBus - Test suite started for story net.thucydides.core.model.Story@2155b0f2
14:55:26.232 [main] INFO  - Test Suite Started: see detail about dashboard page
14:55:26.233 [main] INFO io.cucumber.core.plugin.SerenityReporter - Running feature from file:///D:/capstone/web%20testing/src/test/resources/features/manageadmin.feature
14:55:26.238 [main] DEBUG net.thucydides.core.steps.StepEventBus - Test suite started for story net.thucydides.core.model.Story@27d4725c
14:55:26.238 [main] INFO  - Test Suite Started: admin see detail manageadmin page
14:55:26.238 [main] INFO io.cucumber.core.plugin.SerenityReporter - Running feature from file:///D:/capstone/web%20testing/src/test/resources/features/membeship.feature
14:55:26.251 [main] DEBUG net.thucydides.core.steps.StepEventBus - Test suite started for story net.thucydides.core.model.Story@9cec83d
14:55:26.252 [main] INFO  - Test Suite Started: admin can see detail membership page
14:55:26.252 [main] INFO io.cucumber.core.plugin.SerenityReporter - Running feature from file:///D:/capstone/web%20testing/src/test/resources/features/newsletter.feature
14:55:26.258 [main] DEBUG net.thucydides.core.steps.StepEventBus - Test suite started for story net.thucydides.core.model.Story@ff4c3d02
14:55:26.259 [main] INFO  - Test Suite Started: admin see detail newsletter page
14:55:26.259 [main] INFO io.cucumber.core.plugin.SerenityReporter - Running feature from file:///D:/capstone/web%20testing/src/test/resources/features/user.feature
14:55:26.263 [main] DEBUG net.thucydides.core.steps.StepEventBus - Test suite started for story net.thucydides.core.model.Story@c294d6a6
14:55:26.264 [main] INFO  - Test Suite Started: admin see detail user page
14:55:26.266 [main] INFO io.cucumber.core.plugin.SerenityReporter - Running feature from file:///D:/capstone/web%20testing/src/test/resources/features/Logout.feature
14:55:26.269 [main] DEBUG net.thucydides.core.steps.StepEventBus - Test suite started for story net.thucydides.core.model.Story@69e705ea
14:55:26.270 [main] INFO  - Test Suite Started: admin logout

@Logout
Scenario: adminlogoutwebsite       &amp#27;[90m# src/test/resources/features/Logout.feature:11&amp#27;[0m
14:55:26.398 [main] INFO io.cucumber.core.plugin.SerenityReporter - Running feature from file:///D:/capstone/web%20testing/src/test/resources/features/Logout.feature
14:55:26.538 [main] INFO  - 
  _____   ___   ___   _____     ___   _____     _     ___   _____   ___   ___  
 |_   _| | __| / __| |_   _|   / __| |_   _|   /_\   | _ \ |_   _| | __| |   \ 
   | |   | _|  \__ \   | |     \__ \   | |    / _ \  |   /   | |   | _|  | |) |
   |_|   |___| |___/   |_|     |___/   |_|   /_/ \_\ |_|_\   |_|   |___| |___/ 

adminlogoutwebsite(admin-logout;adminlogoutwebsite)
--------------------------------------------------------------------------------
14:55:27.478 [main] DEBUG net.thucydides.core.steps.StepInterceptor - STARTING STEP: LoginSteps.adminOnLoginPage - openPage
14:55:27.543 [main] INFO net.serenitybdd.core.webdriver.driverproviders.ChromeDriverProvider - Using automatically driver download
14:55:28.333 [main] DEBUG io.github.bonigarcia.wdm.cache.ResolutionCache - Removing resolution chrome=103 from cache (expired on Fri Jul 22 01:32:20 WITA 2022)
14:55:28.361 [main] DEBUG org.apache.hc.client5.http.impl.classic.InternalHttpClient - ex-00000001: preparing request execution
14:55:28.367 [main] DEBUG org.apache.hc.client5.http.protocol.RequestAddCookies - Cookie spec selected: strict
14:55:28.373 [main] DEBUG org.apache.hc.client5.http.protocol.RequestAuthCache - Auth cache not set in the context
14:55:28.373 [main] DEBUG org.apache.hc.client5.http.impl.classic.ProtocolExec - ex-00000001: target auth state: UNCHALLENGED
14:55:28.374 [main] DEBUG org.apache.hc.client5.http.impl.classic.ProtocolExec - ex-00000001: proxy auth state: UNCHALLENGED
14:55:28.374 [main] DEBUG org.apache.hc.client5.http.impl.classic.ConnectExec - ex-00000001: acquiring connection with route {s}->https://raw.githubusercontent.com:443
14:55:28.374 [main] DEBUG org.apache.hc.client5.http.impl.classic.InternalHttpClient - ex-00000001: acquiring endpoint (3 MINUTES)
14:55:28.376 [main] DEBUG org.apache.hc.client5.http.impl.io.PoolingHttpClientConnectionManager - ex-00000001: endpoint lease request (3 MINUTES) [route: {s}->https://raw.githubusercontent.com:443][total available: 0; route allocated: 0 of 5; total allocated: 0 of 25]
14:55:28.380 [main] DEBUG org.apache.hc.client5.http.impl.io.PoolingHttpClientConnectionManager - ex-00000001: endpoint leased [route: {s}->https://raw.githubusercontent.com:443][total available: 0; route allocated: 1 of 5; total allocated: 1 of 25]
14:55:28.393 [main] DEBUG org.apache.hc.client5.http.impl.io.PoolingHttpClientConnectionManager - ex-00000001: acquired ep-00000000
14:55:28.393 [main] DEBUG org.apache.hc.client5.http.impl.classic.InternalHttpClient - ex-00000001: acquired endpoint ep-00000000
14:55:28.394 [main] DEBUG org.apache.hc.client5.http.impl.classic.ConnectExec - ex-00000001: opening connection {s}->https://raw.githubusercontent.com:443
14:55:28.395 [main] DEBUG org.apache.hc.client5.http.impl.classic.InternalHttpClient - ep-00000000: connecting endpoint (30 SECONDS)
14:55:28.395 [main] DEBUG org.apache.hc.client5.http.impl.io.PoolingHttpClientConnectionManager - ep-00000000: connecting endpoint to https://raw.githubusercontent.com:443 (30 SECONDS)
14:55:28.420 [main] DEBUG org.apache.hc.client5.http.impl.io.DefaultHttpClientConnectionOperator - http-outgoing-0: connecting to raw.githubusercontent.com/185.199.108.133:443
14:55:28.421 [main] DEBUG org.apache.hc.client5.http.ssl.SSLConnectionSocketFactory - Connecting socket to raw.githubusercontent.com/185.199.108.133:443 with timeout 30 SECONDS
14:55:28.490 [main] DEBUG org.apache.hc.client5.http.ssl.SSLConnectionSocketFactory - Enabled protocols: [TLSv1.3, TLSv1.2]
14:55:28.490 [main] DEBUG org.apache.hc.client5.http.ssl.SSLConnectionSocketFactory - Enabled cipher suites: [TLS_AES_256_GCM_SHA384, TLS_AES_128_GCM_SHA256, TLS_CHACHA20_POLY1305_SHA256, TLS_ECDHE_ECDSA_WITH_AES_256_GCM_SHA384, TLS_ECDHE_ECDSA_WITH_AES_128_GCM_SHA256, TLS_ECDHE_ECDSA_WITH_CHACHA20_POLY1305_SHA256, TLS_ECDHE_RSA_WITH_AES_256_GCM_SHA384, TLS_ECDHE_RSA_WITH_CHACHA20_POLY1305_SHA256, TLS_ECDHE_RSA_WITH_AES_128_GCM_SHA256, TLS_DHE_RSA_WITH_AES_256_GCM_SHA384, TLS_DHE_RSA_WITH_CHACHA20_POLY1305_SHA256, TLS_DHE_DSS_WITH_AES_256_GCM_SHA384, TLS_DHE_RSA_WITH_AES_128_GCM_SHA256, TLS_DHE_DSS_WITH_AES_128_GCM_SHA256, TLS_ECDHE_ECDSA_WITH_AES_256_CBC_SHA384, TLS_ECDHE_RSA_WITH_AES_256_CBC_SHA384, TLS_ECDHE_ECDSA_WITH_AES_128_CBC_SHA256, TLS_ECDHE_RSA_WITH_AES_128_CBC_SHA256, TLS_DHE_RSA_WITH_AES_256_CBC_SHA256, TLS_DHE_DSS_WITH_AES_256_CBC_SHA256, TLS_DHE_RSA_WITH_AES_128_CBC_SHA256, TLS_DHE_DSS_WITH_AES_128_CBC_SHA256, TLS_ECDH_ECDSA_WITH_AES_256_GCM_SHA384, TLS_ECDH_RSA_WITH_AES_256_GCM_SHA384, TLS_ECDH_ECDSA_WITH_AES_128_GCM_SHA256, TLS_ECDH_RSA_WITH_AES_128_GCM_SHA256, TLS_ECDH_ECDSA_WITH_AES_256_CBC_SHA384, TLS_ECDH_RSA_WITH_AES_256_CBC_SHA384, TLS_ECDH_ECDSA_WITH_AES_128_CBC_SHA256, TLS_ECDH_RSA_WITH_AES_128_CBC_SHA256, TLS_ECDHE_ECDSA_WITH_AES_256_CBC_SHA, TLS_ECDHE_RSA_WITH_AES_256_CBC_SHA, TLS_ECDHE_ECDSA_WITH_AES_128_CBC_SHA, TLS_ECDHE_RSA_WITH_AES_128_CBC_SHA, TLS_DHE_RSA_WITH_AES_256_CBC_SHA, TLS_DHE_DSS_WITH_AES_256_CBC_SHA, TLS_DHE_RSA_WITH_AES_128_CBC_SHA, TLS_DHE_DSS_WITH_AES_128_CBC_SHA, TLS_ECDH_ECDSA_WITH_AES_256_CBC_SHA, TLS_ECDH_RSA_WITH_AES_256_CBC_SHA, TLS_ECDH_ECDSA_WITH_AES_128_CBC_SHA, TLS_ECDH_RSA_WITH_AES_128_CBC_SHA, TLS_RSA_WITH_AES_256_GCM_SHA384, TLS_RSA_WITH_AES_128_GCM_SHA256, TLS_RSA_WITH_AES_256_CBC_SHA256, TLS_RSA_WITH_AES_128_CBC_SHA256, TLS_RSA_WITH_AES_256_CBC_SHA, TLS_RSA_WITH_AES_128_CBC_SHA, TLS_EMPTY_RENEGOTIATION_INFO_SCSV]
14:55:28.490 [main] DEBUG org.apache.hc.client5.http.ssl.SSLConnectionSocketFactory - Starting handshake
14:55:28.630 [main] DEBUG org.apache.hc.client5.http.ssl.SSLConnectionSocketFactory - Secure session established
14:55:28.630 [main] DEBUG org.apache.hc.client5.http.ssl.SSLConnectionSocketFactory -  negotiated protocol: TLSv1.3
14:55:28.630 [main] DEBUG org.apache.hc.client5.http.ssl.SSLConnectionSocketFactory -  negotiated cipher suite: TLS_AES_256_GCM_SHA384
14:55:28.630 [main] DEBUG org.apache.hc.client5.http.ssl.SSLConnectionSocketFactory -  peer principal: CN=*.github.io, O="GitHub, Inc.", L=San Francisco, ST=California, C=US
14:55:28.632 [main] DEBUG org.apache.hc.client5.http.ssl.SSLConnectionSocketFactory -  peer alternative names: [*.github.io, github.com, *.github.com, www.github.com, github.io, githubusercontent.com, *.githubusercontent.com]
14:55:28.632 [main] DEBUG org.apache.hc.client5.http.ssl.SSLConnectionSocketFactory -  issuer principal: CN=DigiCert TLS RSA SHA256 2020 CA1, O=DigiCert Inc, C=US
14:55:28.633 [main] DEBUG org.apache.hc.client5.http.impl.io.DefaultHttpClientConnectionOperator - http-outgoing-0: connection established 192.168.1.3:56878<->185.199.108.133:443
14:55:28.634 [main] DEBUG org.apache.hc.client5.http.impl.io.PoolingHttpClientConnectionManager - ep-00000000: connected http-outgoing-0
14:55:28.634 [main] DEBUG org.apache.hc.client5.http.impl.classic.InternalHttpClient - ep-00000000: endpoint connected
14:55:28.634 [main] DEBUG org.apache.hc.client5.http.impl.classic.MainClientExec - ex-00000001: executing GET /bonigarcia/webdrivermanager/master/src/main/resources/commands.properties HTTP/1.1
14:55:28.635 [main] DEBUG org.apache.hc.client5.http.impl.classic.InternalHttpClient - ep-00000000: start execution ex-00000001
14:55:28.635 [main] DEBUG org.apache.hc.client5.http.impl.io.PoolingHttpClientConnectionManager - ep-00000000: executing exchange ex-00000001 over http-outgoing-0
14:55:28.636 [main] DEBUG org.apache.hc.client5.http.headers - http-outgoing-0 >> GET /bonigarcia/webdrivermanager/master/src/main/resources/commands.properties HTTP/1.1
14:55:28.636 [main] DEBUG org.apache.hc.client5.http.headers - http-outgoing-0 >> user-agent: Apache-HttpClient/5.0
14:55:28.636 [main] DEBUG org.apache.hc.client5.http.headers - http-outgoing-0 >> accept-encoding: gzip, deflate, br
14:55:28.636 [main] DEBUG org.apache.hc.client5.http.headers - http-outgoing-0 >> cache-control: max-age=0
14:55:28.636 [main] DEBUG org.apache.hc.client5.http.headers - http-outgoing-0 >> connection: keep-alive
14:55:28.636 [main] DEBUG org.apache.hc.client5.http.headers - http-outgoing-0 >> Host: raw.githubusercontent.com
14:55:28.636 [main] DEBUG org.apache.hc.client5.http.wire - http-outgoing-0 >> "GET /bonigarcia/webdrivermanager/master/src/main/resources/commands.properties HTTP/1.1[\r][\n]"
14:55:28.636 [main] DEBUG org.apache.hc.client5.http.wire - http-outgoing-0 >> "user-agent: Apache-HttpClient/5.0[\r][\n]"
14:55:28.636 [main] DEBUG org.apache.hc.client5.http.wire - http-outgoing-0 >> "accept-encoding: gzip, deflate, br[\r][\n]"
14:55:28.636 [main] DEBUG org.apache.hc.client5.http.wire - http-outgoing-0 >> "cache-control: max-age=0[\r][\n]"
14:55:28.636 [main] DEBUG org.apache.hc.client5.http.wire - http-outgoing-0 >> "connection: keep-alive[\r][\n]"
14:55:28.636 [main] DEBUG org.apache.hc.client5.http.wire - http-outgoing-0 >> "Host: raw.githubusercontent.com[\r][\n]"
14:55:28.636 [main] DEBUG org.apache.hc.client5.http.wire - http-outgoing-0 >> "[\r][\n]"
14:55:28.683 [main] DEBUG org.apache.hc.client5.http.wire - http-outgoing-0 << "HTTP/1.1 200 OK[\r][\n]"
14:55:28.683 [main] DEBUG org.apache.hc.client5.http.wire - http-outgoing-0 << "Connection: keep-alive[\r][\n]"
14:55:28.683 [main] DEBUG org.apache.hc.client5.http.wire - http-outgoing-0 << "Content-Length: 723[\r][\n]"
14:55:28.683 [main] DEBUG org.apache.hc.client5.http.wire - http-outgoing-0 << "Cache-Control: max-age=300[\r][\n]"
14:55:28.683 [main] DEBUG org.apache.hc.client5.http.wire - http-outgoing-0 << "Content-Security-Policy: default-src 'none'; style-src 'unsafe-inline'; sandbox[\r][\n]"
14:55:28.683 [main] DEBUG org.apache.hc.client5.http.wire - http-outgoing-0 << "Content-Type: text/plain; charset=utf-8[\r][\n]"
14:55:28.683 [main] DEBUG org.apache.hc.client5.http.wire - http-outgoing-0 << "ETag: W/"e82b438271e9e8680c688b0b680efd0bdd22faa6d6f0a32fc1fd8accc486b67e"[\r][\n]"
14:55:28.683 [main] DEBUG org.apache.hc.client5.http.wire - http-outgoing-0 << "Strict-Transport-Security: max-age=31536000[\r][\n]"
14:55:28.683 [main] DEBUG org.apache.hc.client5.http.wire - http-outgoing-0 << "X-Content-Type-Options: nosniff[\r][\n]"
14:55:28.683 [main] DEBUG org.apache.hc.client5.http.wire - http-outgoing-0 << "X-Frame-Options: deny[\r][\n]"
14:55:28.683 [main] DEBUG org.apache.hc.client5.http.wire - http-outgoing-0 << "X-XSS-Protection: 1; mode=block[\r][\n]"
14:55:28.683 [main] DEBUG org.apache.hc.client5.http.wire - http-outgoing-0 << "X-GitHub-Request-Id: 8C88:0B5B:52CD10:70F5C6:62CA17D0[\r][\n]"
14:55:28.683 [main] DEBUG org.apache.hc.client5.http.wire - http-outgoing-0 << "Content-Encoding: gzip[\r][\n]"
14:55:28.683 [main] DEBUG org.apache.hc.client5.http.wire - http-outgoing-0 << "Accept-Ranges: bytes[\r][\n]"
14:55:28.683 [main] DEBUG org.apache.hc.client5.http.wire - http-outgoing-0 << "Date: Fri, 22 Jul 2022 06:54:54 GMT[\r][\n]"
14:55:28.683 [main] DEBUG org.apache.hc.client5.http.wire - http-outgoing-0 << "Via: 1.1 varnish[\r][\n]"
14:55:28.683 [main] DEBUG org.apache.hc.client5.http.wire - http-outgoing-0 << "X-Served-By: cache-qpg1229-QPG[\r][\n]"
14:55:28.683 [main] DEBUG org.apache.hc.client5.http.wire - http-outgoing-0 << "X-Cache: HIT[\r][\n]"
14:55:28.683 [main] DEBUG org.apache.hc.client5.http.wire - http-outgoing-0 << "X-Cache-Hits: 1[\r][\n]"
14:55:28.683 [main] DEBUG org.apache.hc.client5.http.wire - http-outgoing-0 << "X-Timer: S1658472895.610646,VS0,VE1[\r][\n]"
14:55:28.684 [main] DEBUG org.apache.hc.client5.http.wire - http-outgoing-0 << "Vary: Authorization,Accept-Encoding,Origin[\r][\n]"
14:55:28.684 [main] DEBUG org.apache.hc.client5.http.wire - http-outgoing-0 << "Access-Control-Allow-Origin: *[\r][\n]"
14:55:28.684 [main] DEBUG org.apache.hc.client5.http.wire - http-outgoing-0 << "X-Fastly-Request-ID: 13b0b4ecae6a60e40f3a3ff46cae82c02cea1169[\r][\n]"
14:55:28.684 [main] DEBUG org.apache.hc.client5.http.wire - http-outgoing-0 << "Expires: Fri, 22 Jul 2022 06:59:54 GMT[\r][\n]"
14:55:28.684 [main] DEBUG org.apache.hc.client5.http.wire - http-outgoing-0 << "Source-Age: 161[\r][\n]"
14:55:28.684 [main] DEBUG org.apache.hc.client5.http.wire - http-outgoing-0 << "[\r][\n]"
14:55:28.687 [main] DEBUG org.apache.hc.client5.http.headers - http-outgoing-0 << HTTP/1.1 200 OK
14:55:28.687 [main] DEBUG org.apache.hc.client5.http.headers - http-outgoing-0 << Connection: keep-alive
14:55:28.687 [main] DEBUG org.apache.hc.client5.http.headers - http-outgoing-0 << Content-Length: 723
14:55:28.687 [main] DEBUG org.apache.hc.client5.http.headers - http-outgoing-0 << Cache-Control: max-age=300
14:55:28.687 [main] DEBUG org.apache.hc.client5.http.headers - http-outgoing-0 << Content-Security-Policy: default-src 'none'; style-src 'unsafe-inline'; sandbox
14:55:28.687 [main] DEBUG org.apache.hc.client5.http.headers - http-outgoing-0 << Content-Type: text/plain; charset=utf-8
14:55:28.687 [main] DEBUG org.apache.hc.client5.http.headers - http-outgoing-0 << ETag: W/"e82b438271e9e8680c688b0b680efd0bdd22faa6d6f0a32fc1fd8accc486b67e"
14:55:28.687 [main] DEBUG org.apache.hc.client5.http.headers - http-outgoing-0 << Strict-Transport-Security: max-age=31536000
14:55:28.687 [main] DEBUG org.apache.hc.client5.http.headers - http-outgoing-0 << X-Content-Type-Options: nosniff
14:55:28.687 [main] DEBUG org.apache.hc.client5.http.headers - http-outgoing-0 << X-Frame-Options: deny
14:55:28.687 [main] DEBUG org.apache.hc.client5.http.headers - http-outgoing-0 << X-XSS-Protection: 1; mode=block
14:55:28.687 [main] DEBUG org.apache.hc.client5.http.headers - http-outgoing-0 << X-GitHub-Request-Id: 8C88:0B5B:52CD10:70F5C6:62CA17D0
14:55:28.687 [main] DEBUG org.apache.hc.client5.http.headers - http-outgoing-0 << Content-Encoding: gzip
14:55:28.687 [main] DEBUG org.apache.hc.client5.http.headers - http-outgoing-0 << Accept-Ranges: bytes
14:55:28.687 [main] DEBUG org.apache.hc.client5.http.headers - http-outgoing-0 << Date: Fri, 22 Jul 2022 06:54:54 GMT
14:55:28.687 [main] DEBUG org.apache.hc.client5.http.headers - http-outgoing-0 << Via: 1.1 varnish
14:55:28.687 [main] DEBUG org.apache.hc.client5.http.headers - http-outgoing-0 << X-Served-By: cache-qpg1229-QPG
14:55:28.687 [main] DEBUG org.apache.hc.client5.http.headers - http-outgoing-0 << X-Cache: HIT
14:55:28.687 [main] DEBUG org.apache.hc.client5.http.headers - http-outgoing-0 << X-Cache-Hits: 1
14:55:28.687 [main] DEBUG org.apache.hc.client5.http.headers - http-outgoing-0 << X-Timer: S1658472895.610646,VS0,VE1
14:55:28.687 [main] DEBUG org.apache.hc.client5.http.headers - http-outgoing-0 << Vary: Authorization,Accept-Encoding,Origin
14:55:28.687 [main] DEBUG org.apache.hc.client5.http.headers - http-outgoing-0 << Access-Control-Allow-Origin: *
14:55:28.697 [main] DEBUG org.apache.hc.client5.http.headers - http-outgoing-0 << X-Fastly-Request-ID: 13b0b4ecae6a60e40f3a3ff46cae82c02cea1169
14:55:28.697 [main] DEBUG org.apache.hc.client5.http.headers - http-outgoing-0 << Expires: Fri, 22 Jul 2022 06:59:54 GMT
14:55:28.697 [main] DEBUG org.apache.hc.client5.http.headers - http-outgoing-0 << Source-Age: 161
14:55:28.701 [main] DEBUG org.apache.hc.client5.http.impl.classic.MainClientExec - ex-00000001: connection can be kept alive for 3 MINUTES
14:55:28.705 [main] DEBUG org.apache.hc.client5.http.wire - http-outgoing-0 << "[0x1f][0xffffff8b][0x8][0x0][0x0][0x0][0x0][0x0][0x0][0x3][0xffffffb5]V]o[0xffffffda]0[0x14]}[0xffffffe7]W\[0xffffff81]*[0xffffffb5][0x12][0x1f][[M[0xffffffd3]$[0x1e]hF[0xffffffbb]i [0x18][0xffffffb4][0xffffffdd]&[0xfffffff9][0xffffffc5]$7[0xffffffc1]R[0x12]#;[0xffffff94]v[0xffffffbf]~[0xffffffb6][0xfffffff3]1[0xffffff92][0xffffff9a][0xffffffc1][0x1a]x[0xffffffcb][0xffffffb5][0xffffffaf][0xffffffcf]9[0xffffffbe][0xfffffff7]8v[0xb][0x1c][0x1e]E4[0xfffffff6]$x4[0xffffffa1][0xb]*[0xffffffb1][0xffffffd1][0xffffff82][0xfffffffb]%[0xffffff93][0xffffffe0][0xffffffb3][0x10][0xffffffc1][0xffffffe5]qBY,!Y[0xffffffea] KM8,[0x10][0xfffffff0][0x19][0xffffffdd]u[0xffffff82][0x1e][0xffffffb0][0xffffffd8]L[0xffffffcb]%[0xffffff86][0xffffffa1][0xe][0xffffffb8][0xfffffff0]P[0xffffffe8]$[0xf][0x13]t[0x13]3[0xfffffff9][0xffffff84]B2[0xffffffae][0xffffffe6]|@[0xfffffff5][0x1d][0x8][0xffffffc4][0x18][0x16][0xffffff82]o[0xffffffa4][0xffffff9a]P[0xffffff94][0xffffffe7][0xffffffce]R[0xfffffff0][0x8][0xffffffdb]p[0xffffffcb][0x4][0xfffffffa][0xfffffffc][0xffffffb9][\r][0xffffff93][0x15][\n]"
14:55:28.706 [main] DEBUG org.apache.hc.client5.http.wire - http-outgoing-0 << "[0xffffffda][0xffffff86][0xffffffa1][0x17][0xffffffa8]Q3[0xffffffcb][0xffffffd6][0xffffffd1][0xffffff85][0xffffffc6][0xfffffff7][0xffffff98][0xffffffef][0xffffffa3][0xffffffc0]8[0x1][0xffffffae]s[0x12][0x16][0x7] _d[0xffffff82][0xffffff91][0xffffff84][0xfffffff3][0x1f],[0xfffffff6][0x14]j[0x1b]F,^+[0xffffff98]1ua2[0xffffffbf]h([0xffffff8e][0xffffff94][0xffffffa2][0xffffff91]m[0xffffffa3][0xffffffeb][0xffffff9a][0xffffffb0][0xffffffbb]I[0x17]t[0xffffffdf][0xffffffbd][0xffffffef][0xffffffbb][0xffffff91][0xffffffd7]U[0xffffffbb][0xffffff82][0xffffff9e][0x3][0xffffff9b][0xffffff88][0xffffffb9][0xffffffa6]$[0xffffffa6][0xc][0xffffff9b][0xffffffa5][0xffffffe2][0xffffff83][0xffffff98]F[0xffffffd8]o[0xffffff9e]Mg[0xffffff93][0xffffffbb][0xffffffd9]`|[0xfffffffb]u4[0xffffff9c][0x7f]"}B[0xffffffce][0x8][0xffffffb9][0xffffffe3]<[0x8][0xffffff91][0xffffff90][0xffffff94][0xffffff82][0xffffff90][0xffffffc1]j[0x15]2WI[0xffffffe3]1![0x19][0xffffff91]BnB[0xffffff80][0x9]<f[0xffffffb5][0xffffffe8]=[0xffffffd1]p[0xffffffbd][[0xffffffcf][0xffffffe5][0x1b][0xfffffff4][0xffffff9c][0xffffffff][0xfffffffc][0xfffffff8][0xffffffe1][0xffffffe2][0xffffff94][0xffffffa2][0xffffffae][0xe][0x14]5[0xffffff9a]8[0xffffff83][0xffffffd1]`:[0xfffffffd]<[0xffffffb8][0x1f][0xffffff9c]R[0xffffffcf]u[0x7f]6[0xffffffbc][0xffffff83][0xffffffef][0xf][0xffffffc3][0xffffffd9]/[0xfffffff8][0xfffffff2][0xffffffcd]y s[0xffffffee]'[0x1b]*0g[0xffffffcb][0xffffffc8]nF7H][0xffffff83][0xffffff97]{[0xffffffb1]Q[0x5][\r][0xffffffb5]c[0xffffffb4][0xf][0x2][0xffffffb3][0xffffffb4][0xffffff93][0xe]C[0xffffffa7][0xffffffb3]kAD][0xffffff9d][0xffffffde][0xffffffdb][0xffffffda][0xffffff88][0xffffffec][0xffffffa5][0xffffffbc][0xffffff99][0xffffffd9][0xffffffba]t[0xffffffb5][0xffffffea]9[0xffffffea][0x10])[0xffffffb7][0xffffffca][0xffffff9e][0xfffffff2][0xffffffe2]d^N[0xffffffd8]FW[0x16][0xffffffcd][0xffffffdc]_[0x10][0xfffffff9]i|[0x1c][0xffffff93][0xffffff8e][0xfffffff9]o[0x16][0xffffff86]4'!$G[0xffffffdf]W[0xfffffff4]W*j[[0xfffffff3]xR[0xffffffae][0xffffffb6][0xc][0xffffffd0],; #[0xffffffa9][0xffffff92]5[0xffffffb5][0x7][0xffffff9c][0xffffffb5][0xffffffd0][0x7f][0xffffff90][0xffffffc7]jgs[0xfffffffc][0xffffffc2][0xb][0xffffffd9][0x0]t[0xffffff9e]^'Y[0xfffffffb][0xffffff9f][0xffffffb1][0xffffffd8]:[0xffffffbf][0xffffff8d][0xffffffa5][0xffffff9a][0xffffffad][0x7f]m[0x5]&[0xffffffaa][0xffffffa0]^[0xffffff9b][0xffffffcb][0x5]f[0xffffffae][0xffffffe0]RU[0xffffff82][0x10]MS9l[0xffffff91]4t[0xfffffffb][0xffffff8a]][0xffffffd6][0xfffffff4][0xffffff96][0xffffffa6][0xffffff9f]P[0xffffffce][0xffffffd5][0xffffffce][0xffffff93][0xffffffff][0xffffff97][0xffffffcc]p[0xfffffffd][0xfffffff3][0xffffffe8][0x1b][0xffffffcc][0xffffffa2][0xffffffd9]Q[0xffffffbe][0xffffffb2][0xffffffa3][0xffffffc7]m'[0xffffffdf][0xffffffe4][[0xfffffffb]^[0xffffffb0][0xffffff9a][0xffffffbe][0xffffffda][0xffffffda]_[0xffffffce][0xffffff80][0xffffffd2][0xffffffc1]7[0xffffffb7]][0xffffffc1]b[0xffffffee][0xffffffb5][0xffffffff]w[0xffffff83][0xffffffed][0xffffffa7];[0x15]<[0x10]4[0xffffff92][0xffffff84][0x18][\n]"
14:55:28.706 [main] DEBUG org.apache.hc.client5.http.wire - http-outgoing-0 << "BB[0xffffffba][0xffffff8e]][0xffffffb5]jo[0xffffffb9]+"[0xffffffea][0xffffffb4][0xffffffff]h"[0xffffffea]\?5[0xffffffa9][0xffffffaf]k[0xffffffec][0xffffffff]P[0xffffffea][\n]"
14:55:28.706 [main] DEBUG org.apache.hc.client5.http.wire - http-outgoing-0 << "w[0xffffffe1]K[0x13][0xffffffda][0xffffffec][0xffffff98][0xffffffe6]Y[0xfffffffd]h8m6[0xffffff9c]T[0xffffffc1][0xfffffff2][0xffffffa7][0xffffff91]z_[0xffffff95]o85p[0x1c][0x13][0xffffffe6][0xfffffff0]5[0xffffffee][0xfffffffc][0xffffff92][0xffffff96][0xffffffda][0xfffffff7][0xffffffcf][0xffffffb1][0x5][0x1d][0xffffffea]K[0xffffff9b]9[0xffffff8e][0xffffffad]e[0xfffffff7][0xffffff93][0xffffffa8]`[0xffffffda][0xffffffff][0x1a][0xffffffd2][0xffffff88][0xffffff85][0xfffffffd][0xfffffff2][0xffffff91]N[0xfffffff6]`[0xffffffdf]2[0xffffffcf][0xffffffae]E[0xffffff97][0xffffffc5][0xffffffa2][0xffffff9d][0xffffffef]'[0xffffff9d]mun.[0xffffffd3]f^[0xffffffc7][0xffffff82][0xffffffda][0xffffff82]9[0xfffffff5][0xffffffa9]`[0x5][0xffffffbc]4[0xffffffa1][0x1d]<M[0xffffffb5]A[0xffffffa7]3[[0xffffffc0][0x7f][0x0][0xffffffc1][0xffffffd0]$[0xffffff85][0x1d][\r][0x0][0x0]"
14:55:28.708 [main] DEBUG org.apache.hc.client5.http.impl.classic.InternalHttpClient - ep-00000000: releasing valid endpoint
14:55:28.708 [main] DEBUG org.apache.hc.client5.http.impl.io.PoolingHttpClientConnectionManager - ep-00000000: releasing endpoint
14:55:28.709 [main] DEBUG org.apache.hc.client5.http.impl.io.PoolingHttpClientConnectionManager - ep-00000000: connection http-outgoing-0 can be kept alive for 3 MINUTES
14:55:28.710 [main] DEBUG org.apache.hc.client5.http.impl.io.PoolingHttpClientConnectionManager - ep-00000000: connection released [route: {s}->https://raw.githubusercontent.com:443][total available: 1; route allocated: 1 of 5; total allocated: 1 of 25]
14:55:28.710 [main] DEBUG io.github.bonigarcia.wdm.versions.VersionDetector - Detecting chrome version using online commands.properties
14:55:28.713 [main] DEBUG io.github.bonigarcia.wdm.versions.Shell - Running command on the shell: [cmd.exe, /C, wmic, datafile, where, name="%PROGRAMFILES:\=\\%\\Google\\Chrome\\Application\\chrome.exe", get, Version, /value]
14:55:29.134 [main] DEBUG io.github.bonigarcia.wdm.versions.Shell - Result: Version=103.0.5060.134
14:55:29.137 [main] DEBUG io.github.bonigarcia.wdm.cache.ResolutionCache - Resolution chrome103=103.0.5060.134 in cache (valid until 21:05:58 22/07/2022 WITA)
14:55:29.139 [main] INFO io.github.bonigarcia.wdm.WebDriverManager - Using chromedriver 103.0.5060.134 (resolved driver for Chrome 103)
14:55:29.144 [main] DEBUG io.github.bonigarcia.wdm.cache.ResolutionCache - Storing resolution chrome=103 in cache (valid until 15:55:29 22/07/2022 WITA)
14:55:29.168 [main] DEBUG io.github.bonigarcia.wdm.WebDriverManager - Driver chromedriver 103.0.5060.134 found in cache
14:55:29.169 [main] INFO io.github.bonigarcia.wdm.WebDriverManager - Exporting webdriver.chrome.driver as C:\Users\Rev\.cache\selenium\chromedriver\win32\103.0.5060.134\chromedriver.exe
14:55:29.887 [main] DEBUG net.thucydides.core.reflection.ClassFinder - Could not load class .starter.CucumberTestSuite
14:55:29.888 [main] DEBUG net.thucydides.core.reflection.ClassFinder - Could not load class .starter.definitions.BookingSteps
14:55:29.888 [main] DEBUG net.thucydides.core.reflection.ClassFinder - Could not load class .starter.definitions.ClassSteps
14:55:29.888 [main] DEBUG net.thucydides.core.reflection.ClassFinder - Could not load class .starter.definitions.ContentSteps
14:55:29.888 [main] DEBUG net.thucydides.core.reflection.ClassFinder - Could not load class .starter.definitions.DashboardSteps
14:55:29.888 [main] DEBUG net.thucydides.core.reflection.ClassFinder - Could not load class .starter.definitions.LoginSteps
14:55:29.888 [main] DEBUG net.thucydides.core.reflection.ClassFinder - Could not load class .starter.definitions.LogoutSteps
14:55:29.888 [main] DEBUG net.thucydides.core.reflection.ClassFinder - Could not load class .starter.definitions.ManageadminSteps
14:55:29.888 [main] DEBUG net.thucydides.core.reflection.ClassFinder - Could not load class .starter.definitions.MembershipSteps
14:55:29.888 [main] DEBUG net.thucydides.core.reflection.ClassFinder - Could not load class .starter.definitions.NewsletterSteps
14:55:29.888 [main] DEBUG net.thucydides.core.reflection.ClassFinder - Could not load class .starter.definitions.UserSteps
14:55:29.888 [main] DEBUG net.thucydides.core.reflection.ClassFinder - Could not load class .starter.pages.BookingPage
14:55:29.888 [main] DEBUG net.thucydides.core.reflection.ClassFinder - Could not load class .starter.pages.ClassPage
14:55:29.889 [main] DEBUG net.thucydides.core.reflection.ClassFinder - Could not load class .starter.pages.ContentPage
14:55:29.889 [main] DEBUG net.thucydides.core.reflection.ClassFinder - Could not load class .starter.pages.DashboardPage
14:55:29.889 [main] DEBUG net.thucydides.core.reflection.ClassFinder - Could not load class .starter.pages.HomePage
14:55:29.889 [main] DEBUG net.thucydides.core.reflection.ClassFinder - Could not load class .starter.pages.LoginPage
14:55:29.889 [main] DEBUG net.thucydides.core.reflection.ClassFinder - Could not load class .starter.pages.LogoutPage
14:55:29.889 [main] DEBUG net.thucydides.core.reflection.ClassFinder - Could not load class .starter.pages.ManageadminPage
14:55:29.889 [main] DEBUG net.thucydides.core.reflection.ClassFinder - Could not load class .starter.pages.MembershipPage
14:55:29.889 [main] DEBUG net.thucydides.core.reflection.ClassFinder - Could not load class .starter.pages.NewsletterPage
14:55:29.889 [main] DEBUG net.thucydides.core.reflection.ClassFinder - Could not load class .starter.pages.UserPage
14:55:29.890 [main] DEBUG net.thucydides.core.reflection.ClassFinder - Could not load class META-INF.versions.9.com.sun.istack.logging.StackHelper
14:55:29.891 [main] DEBUG net.thucydides.core.reflection.ClassFinder - Could not load class META-INF.versions.9.com.sun.xml.bind.v2.runtime.reflect.opt.AccessorInjector
14:55:29.891 [main] DEBUG net.thucydides.core.reflection.ClassFinder - Could not load class META-INF.versions.9.com.sun.xml.bind.v2.runtime.reflect.opt.Injector
14:55:29.892 [main] DEBUG net.thucydides.core.reflection.ClassFinder - Could not load class META-INF.versions.9.com.sun.xml.bind.v2.runtime.reflect.opt.OptimizedAccessorFactory
14:55:29.892 [main] DEBUG net.thucydides.core.reflection.ClassFinder - Could not load class META-INF.versions.9.com.sun.xml.bind.v2.runtime.reflect.opt.OptimizedTransducedAccessorFactory
14:55:29.892 [main] DEBUG net.thucydides.core.reflection.ClassFinder - Could not load class META-INF.versions.9.io.opentelemetry.sdk.internal.CurrentJavaVersionSpecific
14:55:29.893 [main] DEBUG net.thucydides.core.reflection.ClassFinder - Could not load class META-INF.versions.9.io.opentelemetry.sdk.internal.Java9VersionSpecific
14:55:29.893 [main] DEBUG net.thucydides.core.reflection.ClassFinder - Could not load class META-INF.versions.9.javax.xml.bind.ModuleUtil
14:55:29.894 [main] DEBUG net.thucydides.core.reflection.ClassFinder - Could not load class META-INF.versions.9.module-info
14:55:29.895 [main] DEBUG net.thucydides.core.reflection.ClassFinder - Could not load class META-INF.versions.9.org.junit.platform.commons.util.ModuleUtils
14:55:30.304 [main] DEBUG net.thucydides.core.reflection.ClassFinder - Could not load class com.google.gson.internal.
14:55:30.503 [main] DEBUG net.thucydides.core.reflection.ClassFinder - Could not load class com.sun.xml.bind.v2.runtime.output.FastInfosetStreamWriterOutput
14:55:30.978 [main] DEBUG net.thucydides.core.reflection.ClassFinder - Could not load class module-info
14:55:33.962 [main] DEBUG io.netty.util.internal.logging.InternalLoggerFactory - Using SLF4J as the default logging framework
14:55:33.966 [main] DEBUG io.netty.util.ResourceLeakDetector - -Dio.netty.leakDetection.level: simple
14:55:33.967 [main] DEBUG io.netty.util.ResourceLeakDetector - -Dio.netty.leakDetection.targetRecords: 4
14:55:33.971 [main] DEBUG io.netty.util.ResourceLeakDetectorFactory - Loaded default ResourceLeakDetector: io.netty.util.ResourceLeakDetector@3d48674
14:55:33.994 [main] DEBUG io.netty.util.internal.PlatformDependent0 - -Dio.netty.noUnsafe: false
14:55:33.994 [main] DEBUG io.netty.util.internal.PlatformDependent0 - Java version: 17
14:55:33.996 [main] DEBUG io.netty.util.internal.PlatformDependent0 - sun.misc.Unsafe.theUnsafe: available
14:55:33.997 [main] DEBUG io.netty.util.internal.PlatformDependent0 - sun.misc.Unsafe.copyMemory: available
14:55:33.998 [main] DEBUG io.netty.util.internal.PlatformDependent0 - java.nio.Buffer.address: available
14:55:33.998 [main] DEBUG io.netty.util.internal.PlatformDependent0 - direct buffer constructor: unavailable: Reflective setAccessible(true) disabled
14:55:33.999 [main] DEBUG io.netty.util.internal.PlatformDependent0 - java.nio.Bits.unaligned: available, true
14:55:34.001 [main] DEBUG io.netty.util.internal.PlatformDependent0 - jdk.internal.misc.Unsafe.allocateUninitializedArray(int): unavailable: class io.netty.util.internal.PlatformDependent0$6 cannot access class jdk.internal.misc.Unsafe (in module java.base) because module java.base does not export jdk.internal.misc to unnamed module @346d61be
14:55:34.002 [main] DEBUG io.netty.util.internal.PlatformDependent0 - java.nio.DirectByteBuffer.<init>(long, int): unavailable
14:55:34.002 [main] DEBUG io.netty.util.internal.PlatformDependent - sun.misc.Unsafe: available
14:55:34.004 [main] DEBUG io.netty.util.internal.PlatformDependent - maxDirectMemory: 4276092928 bytes (maybe)
14:55:34.005 [main] DEBUG io.netty.util.internal.PlatformDependent - -Dio.netty.tmpdir: C:\Users\Rev\AppData\Local\Temp (java.io.tmpdir)
14:55:34.005 [main] DEBUG io.netty.util.internal.PlatformDependent - -Dio.netty.bitMode: 64 (sun.arch.data.model)
14:55:34.005 [main] DEBUG io.netty.util.internal.PlatformDependent - Platform: Windows
14:55:34.006 [main] DEBUG io.netty.util.internal.PlatformDependent - -Dio.netty.maxDirectMemory: -1 bytes
14:55:34.006 [main] DEBUG io.netty.util.internal.PlatformDependent - -Dio.netty.uninitializedArrayAllocationThreshold: -1
14:55:34.007 [main] DEBUG io.netty.util.internal.CleanerJava9 - java.nio.ByteBuffer.cleaner(): available
14:55:34.007 [main] DEBUG io.netty.util.internal.PlatformDependent - -Dio.netty.noPreferDirect: false
14:55:34.016 [main] DEBUG io.netty.util.internal.PlatformDependent - org.jctools-core.MpscChunkedArrayQueue: available
14:55:34.045 [main] DEBUG io.netty.util.internal.InternalThreadLocalMap - -Dio.netty.threadLocalMap.stringBuilder.initialSize: 1024
14:55:34.045 [main] DEBUG io.netty.util.internal.InternalThreadLocalMap - -Dio.netty.threadLocalMap.stringBuilder.maxSize: 4096
14:55:34.064 [main] DEBUG io.netty.handler.ssl.JdkSslContext - Default protocols (JDK): [TLSv1.3, TLSv1.2] 
14:55:34.064 [main] DEBUG io.netty.handler.ssl.JdkSslContext - Default cipher suites (JDK): [TLS_ECDHE_ECDSA_WITH_AES_256_GCM_SHA384, TLS_ECDHE_ECDSA_WITH_AES_128_GCM_SHA256, TLS_ECDHE_RSA_WITH_AES_128_GCM_SHA256, TLS_ECDHE_RSA_WITH_AES_256_GCM_SHA384, TLS_ECDHE_RSA_WITH_AES_128_CBC_SHA, TLS_ECDHE_RSA_WITH_AES_256_CBC_SHA, TLS_RSA_WITH_AES_128_GCM_SHA256, TLS_RSA_WITH_AES_128_CBC_SHA, TLS_RSA_WITH_AES_256_CBC_SHA, TLS_AES_128_GCM_SHA256, TLS_AES_256_GCM_SHA384]
14:55:34.100 [main] DEBUG io.netty.channel.MultithreadEventLoopGroup - -Dio.netty.eventLoopThreads: 24
14:55:34.113 [main] DEBUG io.netty.channel.nio.NioEventLoop - -Dio.netty.noKeySetOptimization: false
14:55:34.113 [main] DEBUG io.netty.channel.nio.NioEventLoop - -Dio.netty.selectorAutoRebuildThreshold: 512
14:55:34.185 [main] DEBUG io.netty.buffer.PooledByteBufAllocator - -Dio.netty.allocator.numHeapArenas: 24
14:55:34.185 [main] DEBUG io.netty.buffer.PooledByteBufAllocator - -Dio.netty.allocator.numDirectArenas: 24
14:55:34.185 [main] DEBUG io.netty.buffer.PooledByteBufAllocator - -Dio.netty.allocator.pageSize: 8192
14:55:34.185 [main] DEBUG io.netty.buffer.PooledByteBufAllocator - -Dio.netty.allocator.maxOrder: 11
14:55:34.185 [main] DEBUG io.netty.buffer.PooledByteBufAllocator - -Dio.netty.allocator.chunkSize: 16777216
14:55:34.185 [main] DEBUG io.netty.buffer.PooledByteBufAllocator - -Dio.netty.allocator.smallCacheSize: 256
14:55:34.185 [main] DEBUG io.netty.buffer.PooledByteBufAllocator - -Dio.netty.allocator.normalCacheSize: 64
14:55:34.185 [main] DEBUG io.netty.buffer.PooledByteBufAllocator - -Dio.netty.allocator.maxCachedBufferCapacity: 32768
14:55:34.185 [main] DEBUG io.netty.buffer.PooledByteBufAllocator - -Dio.netty.allocator.cacheTrimInterval: 8192
14:55:34.185 [main] DEBUG io.netty.buffer.PooledByteBufAllocator - -Dio.netty.allocator.cacheTrimIntervalMillis: 0
14:55:34.185 [main] DEBUG io.netty.buffer.PooledByteBufAllocator - -Dio.netty.allocator.useCacheForAllThreads: true
14:55:34.185 [main] DEBUG io.netty.buffer.PooledByteBufAllocator - -Dio.netty.allocator.maxCachedByteBuffersPerChunk: 1023
14:55:34.198 [main] DEBUG io.netty.buffer.ByteBufUtil - -Dio.netty.allocator.type: pooled
14:55:34.198 [main] DEBUG io.netty.buffer.ByteBufUtil - -Dio.netty.threadLocalDirectBufferSize: 0
14:55:34.198 [main] DEBUG io.netty.buffer.ByteBufUtil - -Dio.netty.maxThreadLocalCharBufferSize: 16384
14:55:34.429 [main] DEBUG net.serenitybdd.core.webdriver.driverproviders.ProvideNewDriver - Instantiating driver
14:55:34.429 [main] DEBUG net.serenitybdd.core.webdriver.driverproviders.ProvideNewDriver - Driver capabilities: Capabilities {acceptInsecureCerts: false, base.url: https://sportly.rafdev.my.id/, browserName: chrome, chrome.driver: webdriver/chromedriver.exe, driver: chrome, goog:chromeOptions: {args: [], extensions: []}}
14:55:35.686 [Forwarding newSession on session null to remote] DEBUG io.netty.channel.DefaultChannelId - -Dio.netty.processId: 15176 (auto-detected)
14:55:35.689 [Forwarding newSession on session null to remote] DEBUG io.netty.util.NetUtil - -Djava.net.preferIPv4Stack: false
14:55:35.689 [Forwarding newSession on session null to remote] DEBUG io.netty.util.NetUtil - -Djava.net.preferIPv6Addresses: false
14:55:35.704 [Forwarding newSession on session null to remote] DEBUG io.netty.util.NetUtilInitializations - Loopback interface: lo (Software Loopback Interface 1, 127.0.0.1)
14:55:35.705 [Forwarding newSession on session null to remote] DEBUG io.netty.util.NetUtil - Failed to get SOMAXCONN from sysctl and file \proc\sys\net\core\somaxconn. Default: 200
14:55:35.724 [Forwarding newSession on session null to remote] DEBUG io.netty.channel.DefaultChannelId - -Dio.netty.machineId: a8:a1:59:ff:fe:85:ba:89 (auto-detected)
14:55:35.801 [AsyncHttpClient-1-2] DEBUG io.netty.buffer.AbstractByteBuf - -Dio.netty.buffer.checkAccessible: true
14:55:35.801 [AsyncHttpClient-1-2] DEBUG io.netty.buffer.AbstractByteBuf - -Dio.netty.buffer.checkBounds: true
14:55:35.801 [AsyncHttpClient-1-2] DEBUG io.netty.util.ResourceLeakDetectorFactory - Loaded default ResourceLeakDetector: io.netty.util.ResourceLeakDetector@462bcf2b
14:55:35.816 [AsyncHttpClient-1-2] DEBUG org.asynchttpclient.netty.channel.NettyConnectListener - Using new Channel '[id: 0xdfc02566, L:/127.0.0.1:56894 - R:localhost/127.0.0.1:56480]' for 'POST' to '/session'
14:55:35.835 [AsyncHttpClient-1-2] DEBUG io.netty.util.Recycler - -Dio.netty.recycler.maxCapacityPerThread: 4096
14:55:35.835 [AsyncHttpClient-1-2] DEBUG io.netty.util.Recycler - -Dio.netty.recycler.ratio: 8
14:55:35.835 [AsyncHttpClient-1-2] DEBUG io.netty.util.Recycler - -Dio.netty.recycler.chunkSize: 32
14:55:35.835 [AsyncHttpClient-1-2] DEBUG io.netty.util.Recycler - -Dio.netty.recycler.blocking: false
14:55:36.586 [AsyncHttpClient-1-2] DEBUG io.netty.handler.codec.compression.Brotli - brotli4j not in the classpath; Brotli support will be unavailable.
14:55:36.587 [AsyncHttpClient-1-2] DEBUG org.asynchttpclient.netty.handler.HttpHandler - 

Request DefaultHttpRequest(decodeResult: success, version: HTTP/1.1)
POST /session HTTP/1.1
User-Agent: selenium/4.1.2 (java windows)
Content-Length: 581
Content-Type: application/json; charset=utf-8
host: localhost:56480
accept: */*

Response DefaultHttpResponse(decodeResult: success, version: HTTP/1.1)
HTTP/1.1 200 OK
Content-Type: application/json; charset=utf-8
cache-control: no-cache
content-length: 789

14:55:36.595 [AsyncHttpClient-1-2] DEBUG org.asynchttpclient.netty.channel.ChannelManager - Adding key: http://localhost:56480 for channel [id: 0xdfc02566, L:/127.0.0.1:56894 - R:localhost/127.0.0.1:56480]
14:55:36.669 [AsyncHttpClient-1-3] DEBUG org.asynchttpclient.netty.channel.NettyConnectListener - Using new Channel '[id: 0xd2040ddd, L:/127.0.0.1:56901 - R:localhost/127.0.0.1:56895]' for 'GET' to '/json/version'
14:55:36.681 [AsyncHttpClient-1-3] DEBUG org.asynchttpclient.netty.handler.HttpHandler - 

Request DefaultFullHttpRequest(decodeResult: success, version: HTTP/1.1, content: EmptyByteBufBE)
GET /json/version HTTP/1.1
User-Agent: selenium/4.1.2 (java windows)
host: localhost:56895
accept: */*

Response DefaultHttpResponse(decodeResult: success, version: HTTP/1.1)
HTTP/1.1 200 OK
Content-Type: application/json; charset=UTF-8
content-length: 429

14:55:36.681 [AsyncHttpClient-1-3] DEBUG org.asynchttpclient.netty.channel.ChannelManager - Adding key: http://localhost:56895 for channel [id: 0xd2040ddd, L:/127.0.0.1:56901 - R:localhost/127.0.0.1:56895]
14:55:36.688 [main] DEBUG io.netty.util.internal.ThreadLocalRandom - -Dio.netty.initialSeedUniquifier: 0xb3ebe795b2a06933
14:55:36.703 [AsyncHttpClient-1-4] DEBUG org.asynchttpclient.netty.channel.NettyConnectListener - Using new Channel '[id: 0x12a3b8c5, L:/127.0.0.1:56902 - R:localhost/127.0.0.1:56895]' for 'GET' to '/devtools/browser/9d5273e4-f6c1-4308-83db-dc75302d1819'
14:55:36.711 [AsyncHttpClient-1-4] DEBUG org.asynchttpclient.netty.handler.WebSocketHandler - 

Request DefaultFullHttpRequest(decodeResult: success, version: HTTP/1.1, content: EmptyByteBufBE)
GET /devtools/browser/9d5273e4-f6c1-4308-83db-dc75302d1819 HTTP/1.1
upgrade: websocket
connection: upgrade
sec-websocket-key: nwJegxG23livGP9FP1U5FA==
sec-websocket-version: 13
origin: http://localhost:56895
host: localhost:56895
accept: */*
user-agent: AHC/2.1

Response DefaultHttpResponse(decodeResult: success, version: HTTP/1.1)
HTTP/1.1 101 WebSocket Protocol Handshake
Upgrade: WebSocket
Connection: Upgrade
Sec-WebSocket-Accept: TvG5zN/UT7tY8ac5e/1Si0SRW1w=

14:55:36.741 [Forwarding setCurrentWindowSize on session d12326c67ac3df984b4d721b5314ca29 to remote] DEBUG org.asynchttpclient.netty.request.NettyRequestSender - Using pooled Channel '[id: 0xdfc02566, L:/127.0.0.1:56894 - R:localhost/127.0.0.1:56480]' for 'POST' to 'http://localhost:56480/session/d12326c67ac3df984b4d721b5314ca29/window/rect'
14:55:36.741 [Forwarding setCurrentWindowSize on session d12326c67ac3df984b4d721b5314ca29 to remote] DEBUG org.asynchttpclient.netty.request.NettyRequestSender - Using open Channel [id: 0xdfc02566, L:/127.0.0.1:56894 - R:localhost/127.0.0.1:56480] for POST '/session/d12326c67ac3df984b4d721b5314ca29/window/rect'
14:55:37.017 [AsyncHttpClient-1-2] DEBUG org.asynchttpclient.netty.handler.HttpHandler - 

Request DefaultHttpRequest(decodeResult: success, version: HTTP/1.1)
POST /session/d12326c67ac3df984b4d721b5314ca29/window/rect HTTP/1.1
User-Agent: selenium/4.1.2 (java windows)
Content-Length: 37
Content-Type: application/json; charset=utf-8
host: localhost:56480
accept: */*

Response DefaultHttpResponse(decodeResult: success, version: HTTP/1.1)
HTTP/1.1 200 OK
Content-Type: application/json; charset=utf-8
cache-control: no-cache
content-length: 52

14:55:37.017 [AsyncHttpClient-1-2] DEBUG org.asynchttpclient.netty.channel.ChannelManager - Adding key: http://localhost:56480 for channel [id: 0xdfc02566, L:/127.0.0.1:56894 - R:localhost/127.0.0.1:56480]
14:55:37.020 [Forwarding setWindowPosition on session d12326c67ac3df984b4d721b5314ca29 to remote] DEBUG org.asynchttpclient.netty.request.NettyRequestSender - Using pooled Channel '[id: 0xdfc02566, L:/127.0.0.1:56894 - R:localhost/127.0.0.1:56480]' for 'POST' to 'http://localhost:56480/session/d12326c67ac3df984b4d721b5314ca29/window/rect'
14:55:37.021 [Forwarding setWindowPosition on session d12326c67ac3df984b4d721b5314ca29 to remote] DEBUG org.asynchttpclient.netty.request.NettyRequestSender - Using open Channel [id: 0xdfc02566, L:/127.0.0.1:56894 - R:localhost/127.0.0.1:56480] for POST '/session/d12326c67ac3df984b4d721b5314ca29/window/rect'
14:55:37.216 [AsyncHttpClient-1-2] DEBUG org.asynchttpclient.netty.handler.HttpHandler - 

Request DefaultHttpRequest(decodeResult: success, version: HTTP/1.1)
POST /session/d12326c67ac3df984b4d721b5314ca29/window/rect HTTP/1.1
User-Agent: selenium/4.1.2 (java windows)
Content-Length: 22
Content-Type: application/json; charset=utf-8
host: localhost:56480
accept: */*

Response DefaultHttpResponse(decodeResult: success, version: HTTP/1.1)
HTTP/1.1 200 OK
Content-Type: application/json; charset=utf-8
cache-control: no-cache
content-length: 50

14:55:37.216 [AsyncHttpClient-1-2] DEBUG org.asynchttpclient.netty.channel.ChannelManager - Adding key: http://localhost:56480 for channel [id: 0xdfc02566, L:/127.0.0.1:56894 - R:localhost/127.0.0.1:56480]
14:55:37.328 [AsyncHttpClient-1-1] DEBUG org.asynchttpclient.netty.channel.DefaultChannelPool - Entry count for : http://localhost:56480 : 1
14:55:37.328 [AsyncHttpClient-1-1] DEBUG org.asynchttpclient.netty.channel.DefaultChannelPool - Entry count for : http://localhost:56895 : 1
14:55:37.880 [main] DEBUG net.thucydides.core.reflection.ClassFinder - Could not load class .starter.CucumberTestSuite
14:55:37.881 [main] DEBUG net.thucydides.core.reflection.ClassFinder - Could not load class .starter.definitions.BookingSteps
14:55:37.882 [main] DEBUG net.thucydides.core.reflection.ClassFinder - Could not load class .starter.definitions.ClassSteps
14:55:37.883 [main] DEBUG net.thucydides.core.reflection.ClassFinder - Could not load class .starter.definitions.ContentSteps
14:55:37.883 [main] DEBUG net.thucydides.core.reflection.ClassFinder - Could not load class .starter.definitions.DashboardSteps
14:55:37.883 [main] DEBUG net.thucydides.core.reflection.ClassFinder - Could not load class .starter.definitions.LoginSteps
14:55:37.883 [main] DEBUG net.thucydides.core.reflection.ClassFinder - Could not load class .starter.definitions.LogoutSteps
14:55:37.883 [main] DEBUG net.thucydides.core.reflection.ClassFinder - Could not load class .starter.definitions.ManageadminSteps
14:55:37.883 [main] DEBUG net.thucydides.core.reflection.ClassFinder - Could not load class .starter.definitions.MembershipSteps
14:55:37.883 [main] DEBUG net.thucydides.core.reflection.ClassFinder - Could not load class .starter.definitions.NewsletterSteps
14:55:37.883 [main] DEBUG net.thucydides.core.reflection.ClassFinder - Could not load class .starter.definitions.UserSteps
14:55:37.883 [main] DEBUG net.thucydides.core.reflection.ClassFinder - Could not load class .starter.pages.BookingPage
14:55:37.883 [main] DEBUG net.thucydides.core.reflection.ClassFinder - Could not load class .starter.pages.ClassPage
14:55:37.883 [main] DEBUG net.thucydides.core.reflection.ClassFinder - Could not load class .starter.pages.ContentPage
14:55:37.883 [main] DEBUG net.thucydides.core.reflection.ClassFinder - Could not load class .starter.pages.DashboardPage
14:55:37.883 [main] DEBUG net.thucydides.core.reflection.ClassFinder - Could not load class .starter.pages.HomePage
14:55:37.883 [main] DEBUG net.thucydides.core.reflection.ClassFinder - Could not load class .starter.pages.LoginPage
14:55:37.883 [main] DEBUG net.thucydides.core.reflection.ClassFinder - Could not load class .starter.pages.LogoutPage
14:55:37.883 [main] DEBUG net.thucydides.core.reflection.ClassFinder - Could not load class .starter.pages.ManageadminPage
14:55:37.883 [main] DEBUG net.thucydides.core.reflection.ClassFinder - Could not load class .starter.pages.MembershipPage
14:55:37.883 [main] DEBUG net.thucydides.core.reflection.ClassFinder - Could not load class .starter.pages.NewsletterPage
14:55:37.883 [main] DEBUG net.thucydides.core.reflection.ClassFinder - Could not load class .starter.pages.UserPage
14:55:37.884 [main] DEBUG net.thucydides.core.reflection.ClassFinder - Could not load class META-INF.versions.9.com.sun.istack.logging.StackHelper
14:55:37.884 [main] DEBUG net.thucydides.core.reflection.ClassFinder - Could not load class META-INF.versions.9.com.sun.xml.bind.v2.runtime.reflect.opt.AccessorInjector
14:55:37.885 [main] DEBUG net.thucydides.core.reflection.ClassFinder - Could not load class META-INF.versions.9.com.sun.xml.bind.v2.runtime.reflect.opt.Injector
14:55:37.886 [main] DEBUG net.thucydides.core.reflection.ClassFinder - Could not load class META-INF.versions.9.com.sun.xml.bind.v2.runtime.reflect.opt.OptimizedAccessorFactory
14:55:37.886 [main] DEBUG net.thucydides.core.reflection.ClassFinder - Could not load class META-INF.versions.9.com.sun.xml.bind.v2.runtime.reflect.opt.OptimizedTransducedAccessorFactory
14:55:37.886 [main] DEBUG net.thucydides.core.reflection.ClassFinder - Could not load class META-INF.versions.9.io.opentelemetry.sdk.internal.CurrentJavaVersionSpecific
14:55:37.887 [main] DEBUG net.thucydides.core.reflection.ClassFinder - Could not load class META-INF.versions.9.io.opentelemetry.sdk.internal.Java9VersionSpecific
14:55:37.887 [main] DEBUG net.thucydides.core.reflection.ClassFinder - Could not load class META-INF.versions.9.javax.xml.bind.ModuleUtil
14:55:37.887 [main] DEBUG net.thucydides.core.reflection.ClassFinder - Could not load class META-INF.versions.9.module-info
14:55:37.889 [main] DEBUG net.thucydides.core.reflection.ClassFinder - Could not load class META-INF.versions.9.org.junit.platform.commons.util.ModuleUtils
14:55:37.892 [main] DEBUG net.thucydides.core.reflection.ClassFinder - Could not load class com.google.gson.internal.
14:55:37.893 [main] DEBUG net.thucydides.core.reflection.ClassFinder - Could not load class com.sun.xml.bind.v2.runtime.output.FastInfosetStreamWriterOutput
14:55:37.897 [main] DEBUG net.thucydides.core.reflection.ClassFinder - Could not load class module-info
14:55:37.920 [Forwarding get on session d12326c67ac3df984b4d721b5314ca29 to remote] DEBUG org.asynchttpclient.netty.request.NettyRequestSender - Using pooled Channel '[id: 0xdfc02566, L:/127.0.0.1:56894 - R:localhost/127.0.0.1:56480]' for 'POST' to 'http://localhost:56480/session/d12326c67ac3df984b4d721b5314ca29/url'
14:55:37.921 [Forwarding get on session d12326c67ac3df984b4d721b5314ca29 to remote] DEBUG org.asynchttpclient.netty.request.NettyRequestSender - Using open Channel [id: 0xdfc02566, L:/127.0.0.1:56894 - R:localhost/127.0.0.1:56480] for POST '/session/d12326c67ac3df984b4d721b5314ca29/url'
14:55:38.425 [AsyncHttpClient-1-1] DEBUG org.asynchttpclient.netty.channel.DefaultChannelPool - Entry count for : http://localhost:56895 : 1
14:55:39.530 [AsyncHttpClient-1-1] DEBUG org.asynchttpclient.netty.channel.DefaultChannelPool - Entry count for : http://localhost:56895 : 1
14:55:40.440 [AsyncHttpClient-1-2] DEBUG org.asynchttpclient.netty.handler.HttpHandler - 

Request DefaultHttpRequest(decodeResult: success, version: HTTP/1.1)
POST /session/d12326c67ac3df984b4d721b5314ca29/url HTTP/1.1
User-Agent: selenium/4.1.2 (java windows)
Content-Length: 59
Content-Type: application/json; charset=utf-8
host: localhost:56480
accept: */*

Response DefaultHttpResponse(decodeResult: success, version: HTTP/1.1)
HTTP/1.1 200 OK
Content-Type: application/json; charset=utf-8
cache-control: no-cache
content-length: 14

14:55:40.440 [AsyncHttpClient-1-2] DEBUG org.asynchttpclient.netty.channel.ChannelManager - Adding key: http://localhost:56480 for channel [id: 0xdfc02566, L:/127.0.0.1:56894 - R:localhost/127.0.0.1:56480]
14:55:40.444 [Forwarding setTimeout on session d12326c67ac3df984b4d721b5314ca29 to remote] DEBUG org.asynchttpclient.netty.request.NettyRequestSender - Using pooled Channel '[id: 0xdfc02566, L:/127.0.0.1:56894 - R:localhost/127.0.0.1:56480]' for 'POST' to 'http://localhost:56480/session/d12326c67ac3df984b4d721b5314ca29/timeouts'
14:55:40.444 [Forwarding setTimeout on session d12326c67ac3df984b4d721b5314ca29 to remote] DEBUG org.asynchttpclient.netty.request.NettyRequestSender - Using open Channel [id: 0xdfc02566, L:/127.0.0.1:56894 - R:localhost/127.0.0.1:56480] for POST '/session/d12326c67ac3df984b4d721b5314ca29/timeouts'
14:55:40.449 [AsyncHttpClient-1-2] DEBUG org.asynchttpclient.netty.handler.HttpHandler - 

Request DefaultHttpRequest(decodeResult: success, version: HTTP/1.1)
POST /session/d12326c67ac3df984b4d721b5314ca29/timeouts HTTP/1.1
User-Agent: selenium/4.1.2 (java windows)
Content-Length: 22
Content-Type: application/json; charset=utf-8
host: localhost:56480
accept: */*

Response DefaultHttpResponse(decodeResult: success, version: HTTP/1.1)
HTTP/1.1 200 OK
Content-Type: application/json; charset=utf-8
cache-control: no-cache
content-length: 14

14:55:40.450 [AsyncHttpClient-1-2] DEBUG org.asynchttpclient.netty.channel.ChannelManager - Adding key: http://localhost:56480 for channel [id: 0xdfc02566, L:/127.0.0.1:56894 - R:localhost/127.0.0.1:56480]
14:55:40.455 [Forwarding getCurrentUrl on session d12326c67ac3df984b4d721b5314ca29 to remote] DEBUG org.asynchttpclient.netty.request.NettyRequestSender - Using pooled Channel '[id: 0xdfc02566, L:/127.0.0.1:56894 - R:localhost/127.0.0.1:56480]' for 'GET' to 'http://localhost:56480/session/d12326c67ac3df984b4d721b5314ca29/url'
14:55:40.456 [Forwarding getCurrentUrl on session d12326c67ac3df984b4d721b5314ca29 to remote] DEBUG org.asynchttpclient.netty.request.NettyRequestSender - Using open Channel [id: 0xdfc02566, L:/127.0.0.1:56894 - R:localhost/127.0.0.1:56480] for GET '/session/d12326c67ac3df984b4d721b5314ca29/url'
14:55:40.498 [AsyncHttpClient-1-2] DEBUG org.asynchttpclient.netty.handler.HttpHandler - 

Request DefaultFullHttpRequest(decodeResult: success, version: HTTP/1.1, content: EmptyByteBufBE)
GET /session/d12326c67ac3df984b4d721b5314ca29/url HTTP/1.1
User-Agent: selenium/4.1.2 (java windows)
Cache-Control: no-cache
Content-Type: application/json; charset=utf-8
host: localhost:56480
accept: */*

Response DefaultHttpResponse(decodeResult: success, version: HTTP/1.1)
HTTP/1.1 200 OK
Content-Type: application/json; charset=utf-8
cache-control: no-cache
content-length: 46

14:55:40.499 [AsyncHttpClient-1-2] DEBUG org.asynchttpclient.netty.channel.ChannelManager - Adding key: http://localhost:56480 for channel [id: 0xdfc02566, L:/127.0.0.1:56894 - R:localhost/127.0.0.1:56480]
14:55:40.503 [Forwarding getCurrentUrl on session d12326c67ac3df984b4d721b5314ca29 to remote] DEBUG org.asynchttpclient.netty.request.NettyRequestSender - Using pooled Channel '[id: 0xdfc02566, L:/127.0.0.1:56894 - R:localhost/127.0.0.1:56480]' for 'GET' to 'http://localhost:56480/session/d12326c67ac3df984b4d721b5314ca29/url'
14:55:40.503 [Forwarding getCurrentUrl on session d12326c67ac3df984b4d721b5314ca29 to remote] DEBUG org.asynchttpclient.netty.request.NettyRequestSender - Using open Channel [id: 0xdfc02566, L:/127.0.0.1:56894 - R:localhost/127.0.0.1:56480] for GET '/session/d12326c67ac3df984b4d721b5314ca29/url'
14:55:40.514 [AsyncHttpClient-1-2] DEBUG org.asynchttpclient.netty.handler.HttpHandler - 

Request DefaultFullHttpRequest(decodeResult: success, version: HTTP/1.1, content: EmptyByteBufBE)
GET /session/d12326c67ac3df984b4d721b5314ca29/url HTTP/1.1
User-Agent: selenium/4.1.2 (java windows)
Cache-Control: no-cache
Content-Type: application/json; charset=utf-8
host: localhost:56480
accept: */*

Response DefaultHttpResponse(decodeResult: success, version: HTTP/1.1)
HTTP/1.1 200 OK
Content-Type: application/json; charset=utf-8
cache-control: no-cache
content-length: 46

14:55:40.514 [AsyncHttpClient-1-2] DEBUG org.asynchttpclient.netty.channel.ChannelManager - Adding key: http://localhost:56480 for channel [id: 0xdfc02566, L:/127.0.0.1:56894 - R:localhost/127.0.0.1:56480]
14:55:40.533 [main] DEBUG net.serenitybdd.core.photography.Darkroom - Opening darkroom
14:55:40.535 [Forwarding screenshot on session d12326c67ac3df984b4d721b5314ca29 to remote] DEBUG org.asynchttpclient.netty.request.NettyRequestSender - Using pooled Channel '[id: 0xdfc02566, L:/127.0.0.1:56894 - R:localhost/127.0.0.1:56480]' for 'GET' to 'http://localhost:56480/session/d12326c67ac3df984b4d721b5314ca29/screenshot'
14:55:40.535 [Forwarding screenshot on session d12326c67ac3df984b4d721b5314ca29 to remote] DEBUG org.asynchttpclient.netty.request.NettyRequestSender - Using open Channel [id: 0xdfc02566, L:/127.0.0.1:56894 - R:localhost/127.0.0.1:56480] for GET '/session/d12326c67ac3df984b4d721b5314ca29/screenshot'
14:55:40.561 [Darkroom Processing Line] DEBUG net.serenitybdd.core.photography.DarkroomProcessingLine - Darkroom processing line starting up
14:55:40.628 [AsyncHttpClient-1-1] DEBUG org.asynchttpclient.netty.channel.DefaultChannelPool - Entry count for : http://localhost:56895 : 1
14:55:41.072 [AsyncHttpClient-1-2] DEBUG org.asynchttpclient.netty.handler.HttpHandler - 

Request DefaultFullHttpRequest(decodeResult: success, version: HTTP/1.1, content: EmptyByteBufBE)
GET /session/d12326c67ac3df984b4d721b5314ca29/screenshot HTTP/1.1
User-Agent: selenium/4.1.2 (java windows)
Cache-Control: no-cache
Content-Type: application/json; charset=utf-8
host: localhost:56480
accept: */*

Response DefaultHttpResponse(decodeResult: success, version: HTTP/1.1)
HTTP/1.1 200 OK
Content-Type: application/json; charset=utf-8
cache-control: no-cache
content-length: 575004

14:55:41.077 [AsyncHttpClient-1-2] DEBUG org.asynchttpclient.netty.channel.ChannelManager - Adding key: http://localhost:56480 for channel [id: 0xdfc02566, L:/127.0.0.1:56894 - R:localhost/127.0.0.1:56480]
14:55:41.243 [main] DEBUG net.serenitybdd.core.photography.Darkroom - Send negative for processing for target\site\serenity\bdfb3257a55b5f729af578dfc1dc3a5762c89839bea5dc19984e34dd6640fee1.png
14:55:41.244 [Darkroom Processing Line] DEBUG net.serenitybdd.core.photography.DarkroomProcessingLine - Processing screenshot image in /var/screenshots/screenshot-17383485173713515836
14:55:41.244 [Darkroom Processing Line] DEBUG net.serenitybdd.core.photography.DarkroomProcessingLine - Saving screenshot to target\site\serenity\bdfb3257a55b5f729af578dfc1dc3a5762c89839bea5dc19984e34dd6640fee1.png
14:55:41.279 [main] DEBUG net.thucydides.core.steps.StepInterceptor - STEP DONE: openPage
14:55:41.289 [main] DEBUG net.thucydides.core.steps.StepInterceptor - STARTING STEP: LoginSteps.adminOnLoginPage - validateonLoginPage
14:55:41.293 [Forwarding findElement on session d12326c67ac3df984b4d721b5314ca29 to remote] DEBUG org.asynchttpclient.netty.request.NettyRequestSender - Using pooled Channel '[id: 0xdfc02566, L:/127.0.0.1:56894 - R:localhost/127.0.0.1:56480]' for 'POST' to 'http://localhost:56480/session/d12326c67ac3df984b4d721b5314ca29/element'
14:55:41.294 [Forwarding findElement on session d12326c67ac3df984b4d721b5314ca29 to remote] DEBUG org.asynchttpclient.netty.request.NettyRequestSender - Using open Channel [id: 0xdfc02566, L:/127.0.0.1:56894 - R:localhost/127.0.0.1:56480] for POST '/session/d12326c67ac3df984b4d721b5314ca29/element'
14:55:41.326 [AsyncHttpClient-1-2] DEBUG org.asynchttpclient.netty.handler.HttpHandler - 

Request DefaultHttpRequest(decodeResult: success, version: HTTP/1.1)
POST /session/d12326c67ac3df984b4d721b5314ca29/element HTTP/1.1
User-Agent: selenium/4.1.2 (java windows)
Content-Length: 71
Content-Type: application/json; charset=utf-8
host: localhost:56480
accept: */*

Response DefaultHttpResponse(decodeResult: success, version: HTTP/1.1)
HTTP/1.1 200 OK
Content-Type: application/json; charset=utf-8
cache-control: no-cache
content-length: 88

14:55:41.327 [AsyncHttpClient-1-2] DEBUG org.asynchttpclient.netty.channel.ChannelManager - Adding key: http://localhost:56480 for channel [id: 0xdfc02566, L:/127.0.0.1:56894 - R:localhost/127.0.0.1:56480]
14:55:41.337 [Forwarding isElementDisplayed on session d12326c67ac3df984b4d721b5314ca29 to remote] DEBUG org.asynchttpclient.netty.request.NettyRequestSender - Using pooled Channel '[id: 0xdfc02566, L:/127.0.0.1:56894 - R:localhost/127.0.0.1:56480]' for 'POST' to 'http://localhost:56480/session/d12326c67ac3df984b4d721b5314ca29/execute/sync'
14:55:41.337 [Forwarding isElementDisplayed on session d12326c67ac3df984b4d721b5314ca29 to remote] DEBUG org.asynchttpclient.netty.request.NettyRequestSender - Using open Channel [id: 0xdfc02566, L:/127.0.0.1:56894 - R:localhost/127.0.0.1:56480] for POST '/session/d12326c67ac3df984b4d721b5314ca29/execute/sync'
14:55:41.368 [AsyncHttpClient-1-2] DEBUG org.asynchttpclient.netty.handler.HttpHandler - 

Request DefaultHttpRequest(decodeResult: success, version: HTTP/1.1)
POST /session/d12326c67ac3df984b4d721b5314ca29/execute/sync HTTP/1.1
User-Agent: selenium/4.1.2 (java windows)
Content-Length: 48780
Content-Type: application/json; charset=utf-8
host: localhost:56480
accept: */*

Response DefaultHttpResponse(decodeResult: success, version: HTTP/1.1)
HTTP/1.1 200 OK
Content-Type: application/json; charset=utf-8
cache-control: no-cache
content-length: 14

14:55:41.369 [AsyncHttpClient-1-2] DEBUG org.asynchttpclient.netty.channel.ChannelManager - Adding key: http://localhost:56480 for channel [id: 0xdfc02566, L:/127.0.0.1:56894 - R:localhost/127.0.0.1:56480]
14:55:41.375 [Forwarding screenshot on session d12326c67ac3df984b4d721b5314ca29 to remote] DEBUG org.asynchttpclient.netty.request.NettyRequestSender - Using pooled Channel '[id: 0xdfc02566, L:/127.0.0.1:56894 - R:localhost/127.0.0.1:56480]' for 'GET' to 'http://localhost:56480/session/d12326c67ac3df984b4d721b5314ca29/screenshot'
14:55:41.376 [Forwarding screenshot on session d12326c67ac3df984b4d721b5314ca29 to remote] DEBUG org.asynchttpclient.netty.request.NettyRequestSender - Using open Channel [id: 0xdfc02566, L:/127.0.0.1:56894 - R:localhost/127.0.0.1:56480] for GET '/session/d12326c67ac3df984b4d721b5314ca29/screenshot'
14:55:41.707 [AsyncHttpClient-1-2] DEBUG org.asynchttpclient.netty.handler.HttpHandler - 

Request DefaultFullHttpRequest(decodeResult: success, version: HTTP/1.1, content: EmptyByteBufBE)
GET /session/d12326c67ac3df984b4d721b5314ca29/screenshot HTTP/1.1
User-Agent: selenium/4.1.2 (java windows)
Cache-Control: no-cache
Content-Type: application/json; charset=utf-8
host: localhost:56480
accept: */*

Response DefaultHttpResponse(decodeResult: success, version: HTTP/1.1)
HTTP/1.1 200 OK
Content-Type: application/json; charset=utf-8
cache-control: no-cache
content-length: 575004

14:55:41.711 [AsyncHttpClient-1-2] DEBUG org.asynchttpclient.netty.channel.ChannelManager - Adding key: http://localhost:56480 for channel [id: 0xdfc02566, L:/127.0.0.1:56894 - R:localhost/127.0.0.1:56480]
14:55:41.728 [main] DEBUG net.serenitybdd.core.photography.Darkroom - Send negative for processing for target\site\serenity\bdfb3257a55b5f729af578dfc1dc3a5762c89839bea5dc19984e34dd6640fee1.png
14:55:41.728 [main] DEBUG net.thucydides.core.steps.StepInterceptor - STEP DONE: validateonLoginPage
14:55:41.732 [AsyncHttpClient-1-1] DEBUG org.asynchttpclient.netty.channel.DefaultChannelPool - Entry count for : http://localhost:56480 : 1
14:55:41.732 [AsyncHttpClient-1-1] DEBUG org.asynchttpclient.netty.channel.DefaultChannelPool - Entry count for : http://localhost:56895 : 1
  &amp#27;[32mGiven &amp#27;[0m&amp#27;[32madmin on login page&amp#27;[0m        &amp#27;[90m# starter.definitions.LoginSteps.adminOnLoginPage()&amp#27;[0m
14:55:41.782 [Forwarding screenshot on session d12326c67ac3df984b4d721b5314ca29 to remote] DEBUG org.asynchttpclient.netty.request.NettyRequestSender - Using pooled Channel '[id: 0xdfc02566, L:/127.0.0.1:56894 - R:localhost/127.0.0.1:56480]' for 'GET' to 'http://localhost:56480/session/d12326c67ac3df984b4d721b5314ca29/screenshot'
14:55:41.782 [Forwarding screenshot on session d12326c67ac3df984b4d721b5314ca29 to remote] DEBUG org.asynchttpclient.netty.request.NettyRequestSender - Using open Channel [id: 0xdfc02566, L:/127.0.0.1:56894 - R:localhost/127.0.0.1:56480] for GET '/session/d12326c67ac3df984b4d721b5314ca29/screenshot'
14:55:42.092 [AsyncHttpClient-1-2] DEBUG org.asynchttpclient.netty.handler.HttpHandler - 

Request DefaultFullHttpRequest(decodeResult: success, version: HTTP/1.1, content: EmptyByteBufBE)
GET /session/d12326c67ac3df984b4d721b5314ca29/screenshot HTTP/1.1
User-Agent: selenium/4.1.2 (java windows)
Cache-Control: no-cache
Content-Type: application/json; charset=utf-8
host: localhost:56480
accept: */*

Response DefaultHttpResponse(decodeResult: success, version: HTTP/1.1)
HTTP/1.1 200 OK
Content-Type: application/json; charset=utf-8
cache-control: no-cache
content-length: 575004

14:55:42.095 [AsyncHttpClient-1-2] DEBUG org.asynchttpclient.netty.channel.ChannelManager - Adding key: http://localhost:56480 for channel [id: 0xdfc02566, L:/127.0.0.1:56894 - R:localhost/127.0.0.1:56480]
14:55:42.111 [main] DEBUG net.serenitybdd.core.photography.Darkroom - Send negative for processing for target\site\serenity\bdfb3257a55b5f729af578dfc1dc3a5762c89839bea5dc19984e34dd6640fee1.png
14:55:42.131 [main] DEBUG net.thucydides.core.steps.StepInterceptor - STARTING STEP: LoginSteps.adminInputValidUssername - inputusername
14:55:42.135 [Forwarding findElement on session d12326c67ac3df984b4d721b5314ca29 to remote] DEBUG org.asynchttpclient.netty.request.NettyRequestSender - Using pooled Channel '[id: 0xdfc02566, L:/127.0.0.1:56894 - R:localhost/127.0.0.1:56480]' for 'POST' to 'http://localhost:56480/session/d12326c67ac3df984b4d721b5314ca29/element'
14:55:42.135 [Forwarding findElement on session d12326c67ac3df984b4d721b5314ca29 to remote] DEBUG org.asynchttpclient.netty.request.NettyRequestSender - Using open Channel [id: 0xdfc02566, L:/127.0.0.1:56894 - R:localhost/127.0.0.1:56480] for POST '/session/d12326c67ac3df984b4d721b5314ca29/element'
14:55:42.161 [AsyncHttpClient-1-2] DEBUG org.asynchttpclient.netty.handler.HttpHandler - 

Request DefaultHttpRequest(decodeResult: success, version: HTTP/1.1)
POST /session/d12326c67ac3df984b4d721b5314ca29/element HTTP/1.1
User-Agent: selenium/4.1.2 (java windows)
Content-Length: 92
Content-Type: application/json; charset=utf-8
host: localhost:56480
accept: */*

Response DefaultHttpResponse(decodeResult: success, version: HTTP/1.1)
HTTP/1.1 200 OK
Content-Type: application/json; charset=utf-8
cache-control: no-cache
content-length: 88

14:55:42.161 [AsyncHttpClient-1-2] DEBUG org.asynchttpclient.netty.channel.ChannelManager - Adding key: http://localhost:56480 for channel [id: 0xdfc02566, L:/127.0.0.1:56894 - R:localhost/127.0.0.1:56480]
14:55:42.163 [Forwarding clearElement on session d12326c67ac3df984b4d721b5314ca29 to remote] DEBUG org.asynchttpclient.netty.request.NettyRequestSender - Using pooled Channel '[id: 0xdfc02566, L:/127.0.0.1:56894 - R:localhost/127.0.0.1:56480]' for 'POST' to 'http://localhost:56480/session/d12326c67ac3df984b4d721b5314ca29/element/0484b26f-9588-4e32-8199-1639074e132f/clear'
14:55:42.163 [Forwarding clearElement on session d12326c67ac3df984b4d721b5314ca29 to remote] DEBUG org.asynchttpclient.netty.request.NettyRequestSender - Using open Channel [id: 0xdfc02566, L:/127.0.0.1:56894 - R:localhost/127.0.0.1:56480] for POST '/session/d12326c67ac3df984b4d721b5314ca29/element/0484b26f-9588-4e32-8199-1639074e132f/clear'
14:55:42.220 [AsyncHttpClient-1-2] DEBUG org.asynchttpclient.netty.handler.HttpHandler - 

Request DefaultHttpRequest(decodeResult: success, version: HTTP/1.1)
POST /session/d12326c67ac3df984b4d721b5314ca29/element/0484b26f-9588-4e32-8199-1639074e132f/clear HTTP/1.1
User-Agent: selenium/4.1.2 (java windows)
Content-Length: 50
Content-Type: application/json; charset=utf-8
host: localhost:56480
accept: */*

Response DefaultHttpResponse(decodeResult: success, version: HTTP/1.1)
HTTP/1.1 200 OK
Content-Type: application/json; charset=utf-8
cache-control: no-cache
content-length: 14

14:55:42.220 [AsyncHttpClient-1-2] DEBUG org.asynchttpclient.netty.channel.ChannelManager - Adding key: http://localhost:56480 for channel [id: 0xdfc02566, L:/127.0.0.1:56894 - R:localhost/127.0.0.1:56480]
14:55:42.225 [Forwarding sendKeysToElement on session d12326c67ac3df984b4d721b5314ca29 to remote] DEBUG org.asynchttpclient.netty.request.NettyRequestSender - Using pooled Channel '[id: 0xdfc02566, L:/127.0.0.1:56894 - R:localhost/127.0.0.1:56480]' for 'POST' to 'http://localhost:56480/session/d12326c67ac3df984b4d721b5314ca29/element/0484b26f-9588-4e32-8199-1639074e132f/value'
14:55:42.225 [Forwarding sendKeysToElement on session d12326c67ac3df984b4d721b5314ca29 to remote] DEBUG org.asynchttpclient.netty.request.NettyRequestSender - Using open Channel [id: 0xdfc02566, L:/127.0.0.1:56894 - R:localhost/127.0.0.1:56480] for POST '/session/d12326c67ac3df984b4d721b5314ca29/element/0484b26f-9588-4e32-8199-1639074e132f/value'
14:55:42.358 [AsyncHttpClient-1-2] DEBUG org.asynchttpclient.netty.handler.HttpHandler - 

Request DefaultHttpRequest(decodeResult: success, version: HTTP/1.1)
POST /session/d12326c67ac3df984b4d721b5314ca29/element/0484b26f-9588-4e32-8199-1639074e132f/value HTTP/1.1
User-Agent: selenium/4.1.2 (java windows)
Content-Length: 151
Content-Type: application/json; charset=utf-8
host: localhost:56480
accept: */*

Response DefaultHttpResponse(decodeResult: success, version: HTTP/1.1)
HTTP/1.1 200 OK
Content-Type: application/json; charset=utf-8
cache-control: no-cache
content-length: 14

14:55:42.359 [AsyncHttpClient-1-2] DEBUG org.asynchttpclient.netty.channel.ChannelManager - Adding key: http://localhost:56480 for channel [id: 0xdfc02566, L:/127.0.0.1:56894 - R:localhost/127.0.0.1:56480]
14:55:42.368 [Forwarding screenshot on session d12326c67ac3df984b4d721b5314ca29 to remote] DEBUG org.asynchttpclient.netty.request.NettyRequestSender - Using pooled Channel '[id: 0xdfc02566, L:/127.0.0.1:56894 - R:localhost/127.0.0.1:56480]' for 'GET' to 'http://localhost:56480/session/d12326c67ac3df984b4d721b5314ca29/screenshot'
14:55:42.368 [Forwarding screenshot on session d12326c67ac3df984b4d721b5314ca29 to remote] DEBUG org.asynchttpclient.netty.request.NettyRequestSender - Using open Channel [id: 0xdfc02566, L:/127.0.0.1:56894 - R:localhost/127.0.0.1:56480] for GET '/session/d12326c67ac3df984b4d721b5314ca29/screenshot'
14:55:42.681 [AsyncHttpClient-1-2] DEBUG org.asynchttpclient.netty.handler.HttpHandler - 

Request DefaultFullHttpRequest(decodeResult: success, version: HTTP/1.1, content: EmptyByteBufBE)
GET /session/d12326c67ac3df984b4d721b5314ca29/screenshot HTTP/1.1
User-Agent: selenium/4.1.2 (java windows)
Cache-Control: no-cache
Content-Type: application/json; charset=utf-8
host: localhost:56480
accept: */*

Response DefaultHttpResponse(decodeResult: success, version: HTTP/1.1)
HTTP/1.1 200 OK
Content-Type: application/json; charset=utf-8
cache-control: no-cache
content-length: 573184

14:55:42.685 [AsyncHttpClient-1-2] DEBUG org.asynchttpclient.netty.channel.ChannelManager - Adding key: http://localhost:56480 for channel [id: 0xdfc02566, L:/127.0.0.1:56894 - R:localhost/127.0.0.1:56480]
14:55:42.700 [main] DEBUG net.serenitybdd.core.photography.Darkroom - Send negative for processing for target\site\serenity\f77c054aa6a666f419ab49e776fdfb7fc10c7c59289c58aa7b77a3e2461e450a.png
14:55:42.700 [main] DEBUG net.thucydides.core.steps.StepInterceptor - STEP DONE: inputusername
  &amp#27;[32mWhen &amp#27;[0m&amp#27;[32madmin input valid ussername&amp#27;[0m &amp#27;[90m# starter.definitions.LoginSteps.adminInputValidUssername()&amp#27;[0m
14:55:42.700 [Darkroom Processing Line] DEBUG net.serenitybdd.core.photography.DarkroomProcessingLine - Processing screenshot image in /var/screenshots/screenshot-11266773320266635165
14:55:42.700 [Darkroom Processing Line] DEBUG net.serenitybdd.core.photography.DarkroomProcessingLine - Saving screenshot to target\site\serenity\f77c054aa6a666f419ab49e776fdfb7fc10c7c59289c58aa7b77a3e2461e450a.png
14:55:42.725 [main] DEBUG net.thucydides.core.steps.StepInterceptor - STARTING STEP: LoginSteps.adminInputValidPassword - inputPassword
14:55:42.728 [Forwarding findElement on session d12326c67ac3df984b4d721b5314ca29 to remote] DEBUG org.asynchttpclient.netty.request.NettyRequestSender - Using pooled Channel '[id: 0xdfc02566, L:/127.0.0.1:56894 - R:localhost/127.0.0.1:56480]' for 'POST' to 'http://localhost:56480/session/d12326c67ac3df984b4d721b5314ca29/element'
14:55:42.728 [Forwarding findElement on session d12326c67ac3df984b4d721b5314ca29 to remote] DEBUG org.asynchttpclient.netty.request.NettyRequestSender - Using open Channel [id: 0xdfc02566, L:/127.0.0.1:56894 - R:localhost/127.0.0.1:56480] for POST '/session/d12326c67ac3df984b4d721b5314ca29/element'
14:55:42.746 [AsyncHttpClient-1-2] DEBUG org.asynchttpclient.netty.handler.HttpHandler - 

Request DefaultHttpRequest(decodeResult: success, version: HTTP/1.1)
POST /session/d12326c67ac3df984b4d721b5314ca29/element HTTP/1.1
User-Agent: selenium/4.1.2 (java windows)
Content-Length: 92
Content-Type: application/json; charset=utf-8
host: localhost:56480
accept: */*

Response DefaultHttpResponse(decodeResult: success, version: HTTP/1.1)
HTTP/1.1 200 OK
Content-Type: application/json; charset=utf-8
cache-control: no-cache
content-length: 88

14:55:42.747 [AsyncHttpClient-1-2] DEBUG org.asynchttpclient.netty.channel.ChannelManager - Adding key: http://localhost:56480 for channel [id: 0xdfc02566, L:/127.0.0.1:56894 - R:localhost/127.0.0.1:56480]
14:55:42.749 [Forwarding clearElement on session d12326c67ac3df984b4d721b5314ca29 to remote] DEBUG org.asynchttpclient.netty.request.NettyRequestSender - Using pooled Channel '[id: 0xdfc02566, L:/127.0.0.1:56894 - R:localhost/127.0.0.1:56480]' for 'POST' to 'http://localhost:56480/session/d12326c67ac3df984b4d721b5314ca29/element/d9a78f75-3421-4da5-84d2-bd144514d8ae/clear'
14:55:42.749 [Forwarding clearElement on session d12326c67ac3df984b4d721b5314ca29 to remote] DEBUG org.asynchttpclient.netty.request.NettyRequestSender - Using open Channel [id: 0xdfc02566, L:/127.0.0.1:56894 - R:localhost/127.0.0.1:56480] for POST '/session/d12326c67ac3df984b4d721b5314ca29/element/d9a78f75-3421-4da5-84d2-bd144514d8ae/clear'
14:55:42.798 [AsyncHttpClient-1-2] DEBUG org.asynchttpclient.netty.handler.HttpHandler - 

Request DefaultHttpRequest(decodeResult: success, version: HTTP/1.1)
POST /session/d12326c67ac3df984b4d721b5314ca29/element/d9a78f75-3421-4da5-84d2-bd144514d8ae/clear HTTP/1.1
User-Agent: selenium/4.1.2 (java windows)
Content-Length: 50
Content-Type: application/json; charset=utf-8
host: localhost:56480
accept: */*

Response DefaultHttpResponse(decodeResult: success, version: HTTP/1.1)
HTTP/1.1 200 OK
Content-Type: application/json; charset=utf-8
cache-control: no-cache
content-length: 14

14:55:42.799 [AsyncHttpClient-1-2] DEBUG org.asynchttpclient.netty.channel.ChannelManager - Adding key: http://localhost:56480 for channel [id: 0xdfc02566, L:/127.0.0.1:56894 - R:localhost/127.0.0.1:56480]
14:55:42.801 [Forwarding sendKeysToElement on session d12326c67ac3df984b4d721b5314ca29 to remote] DEBUG org.asynchttpclient.netty.request.NettyRequestSender - Using pooled Channel '[id: 0xdfc02566, L:/127.0.0.1:56894 - R:localhost/127.0.0.1:56480]' for 'POST' to 'http://localhost:56480/session/d12326c67ac3df984b4d721b5314ca29/element/d9a78f75-3421-4da5-84d2-bd144514d8ae/value'
14:55:42.801 [Forwarding sendKeysToElement on session d12326c67ac3df984b4d721b5314ca29 to remote] DEBUG org.asynchttpclient.netty.request.NettyRequestSender - Using open Channel [id: 0xdfc02566, L:/127.0.0.1:56894 - R:localhost/127.0.0.1:56480] for POST '/session/d12326c67ac3df984b4d721b5314ca29/element/d9a78f75-3421-4da5-84d2-bd144514d8ae/value'
14:55:42.835 [AsyncHttpClient-1-1] DEBUG org.asynchttpclient.netty.channel.DefaultChannelPool - Entry count for : http://localhost:56895 : 1
14:55:42.937 [AsyncHttpClient-1-2] DEBUG org.asynchttpclient.netty.handler.HttpHandler - 

Request DefaultHttpRequest(decodeResult: success, version: HTTP/1.1)
POST /session/d12326c67ac3df984b4d721b5314ca29/element/d9a78f75-3421-4da5-84d2-bd144514d8ae/value HTTP/1.1
User-Agent: selenium/4.1.2 (java windows)
Content-Length: 291
Content-Type: application/json; charset=utf-8
host: localhost:56480
accept: */*

Response DefaultHttpResponse(decodeResult: success, version: HTTP/1.1)
HTTP/1.1 200 OK
Content-Type: application/json; charset=utf-8
cache-control: no-cache
content-length: 14

14:55:42.937 [AsyncHttpClient-1-2] DEBUG org.asynchttpclient.netty.channel.ChannelManager - Adding key: http://localhost:56480 for channel [id: 0xdfc02566, L:/127.0.0.1:56894 - R:localhost/127.0.0.1:56480]
14:55:42.944 [Forwarding screenshot on session d12326c67ac3df984b4d721b5314ca29 to remote] DEBUG org.asynchttpclient.netty.request.NettyRequestSender - Using pooled Channel '[id: 0xdfc02566, L:/127.0.0.1:56894 - R:localhost/127.0.0.1:56480]' for 'GET' to 'http://localhost:56480/session/d12326c67ac3df984b4d721b5314ca29/screenshot'
14:55:42.945 [Forwarding screenshot on session d12326c67ac3df984b4d721b5314ca29 to remote] DEBUG org.asynchttpclient.netty.request.NettyRequestSender - Using open Channel [id: 0xdfc02566, L:/127.0.0.1:56894 - R:localhost/127.0.0.1:56480] for GET '/session/d12326c67ac3df984b4d721b5314ca29/screenshot'
14:55:43.243 [AsyncHttpClient-1-2] DEBUG org.asynchttpclient.netty.handler.HttpHandler - 

Request DefaultFullHttpRequest(decodeResult: success, version: HTTP/1.1, content: EmptyByteBufBE)
GET /session/d12326c67ac3df984b4d721b5314ca29/screenshot HTTP/1.1
User-Agent: selenium/4.1.2 (java windows)
Cache-Control: no-cache
Content-Type: application/json; charset=utf-8
host: localhost:56480
accept: */*

Response DefaultHttpResponse(decodeResult: success, version: HTTP/1.1)
HTTP/1.1 200 OK
Content-Type: application/json; charset=utf-8
cache-control: no-cache
content-length: 569460

14:55:43.246 [AsyncHttpClient-1-2] DEBUG org.asynchttpclient.netty.channel.ChannelManager - Adding key: http://localhost:56480 for channel [id: 0xdfc02566, L:/127.0.0.1:56894 - R:localhost/127.0.0.1:56480]
14:55:43.277 [main] DEBUG net.serenitybdd.core.photography.Darkroom - Send negative for processing for target\site\serenity\7121c7966e51ed0bee580053fa8354e56400a63fd65cbfa41529dc1e051e1e6a.png
[...]

14:55:47.118 [AsyncHttpClient-1-2] DEBUG org.asynchttpclient.netty.channel.ChannelManager - Adding key: http://localhost:56480 for channel [id: 0xdfc02566, L:/127.0.0.1:56894 - R:localhost/127.0.0.1:56480]
14:55:47.120 [Forwarding getElementTagName on session d12326c67ac3df984b4d721b5314ca29 to remote] DEBUG org.asynchttpclient.netty.request.NettyRequestSender - Using pooled Channel '[id: 0xdfc02566, L:/127.0.0.1:56894 - R:localhost/127.0.0.1:56480]' for 'GET' to 'http://localhost:56480/session/d12326c67ac3df984b4d721b5314ca29/element/f5661aa2-1e1d-402e-a865-45700e3fd574/name'
14:55:47.120 [Forwarding getElementTagName on session d12326c67ac3df984b4d721b5314ca29 to remote] DEBUG org.asynchttpclient.netty.request.NettyRequestSender - Using open Channel [id: 0xdfc02566, L:/127.0.0.1:56894 - R:localhost/127.0.0.1:56480] for GET '/session/d12326c67ac3df984b4d721b5314ca29/element/f5661aa2-1e1d-402e-a865-45700e3fd574/name'
14:55:47.143 [AsyncHttpClient-1-2] DEBUG org.asynchttpclient.netty.handler.HttpHandler - 

Request DefaultFullHttpRequest(decodeResult: success, version: HTTP/1.1, content: EmptyByteBufBE)
GET /session/d12326c67ac3df984b4d721b5314ca29/element/f5661aa2-1e1d-402e-a865-45700e3fd574/name HTTP/1.1
User-Agent: selenium/4.1.2 (java windows)
Cache-Control: no-cache
Content-Type: application/json; charset=utf-8
host: localhost:56480
accept: */*

Response DefaultHttpResponse(decodeResult: success, version: HTTP/1.1)
HTTP/1.1 200 OK
Content-Type: application/json; charset=utf-8
cache-control: no-cache
content-length: 18

14:55:47.143 [AsyncHttpClient-1-2] DEBUG org.asynchttpclient.netty.channel.ChannelManager - Adding key: http://localhost:56480 for channel [id: 0xdfc02566, L:/127.0.0.1:56894 - R:localhost/127.0.0.1:56480]
14:55:47.145 [Forwarding getElementTagName on session d12326c67ac3df984b4d721b5314ca29 to remote] DEBUG org.asynchttpclient.netty.request.NettyRequestSender - Using pooled Channel '[id: 0xdfc02566, L:/127.0.0.1:56894 - R:localhost/127.0.0.1:56480]' for 'GET' to 'http://localhost:56480/session/d12326c67ac3df984b4d721b5314ca29/element/f5661aa2-1e1d-402e-a865-45700e3fd574/name'
14:55:47.145 [Forwarding getElementTagName on session d12326c67ac3df984b4d721b5314ca29 to remote] DEBUG org.asynchttpclient.netty.request.NettyRequestSender - Using open Channel [id: 0xdfc02566, L:/127.0.0.1:56894 - R:localhost/127.0.0.1:56480] for GET '/session/d12326c67ac3df984b4d721b5314ca29/element/f5661aa2-1e1d-402e-a865-45700e3fd574/name'
14:55:47.153 [AsyncHttpClient-1-2] DEBUG org.asynchttpclient.netty.handler.HttpHandler - 

Request DefaultFullHttpRequest(decodeResult: success, version: HTTP/1.1, content: EmptyByteBufBE)
GET /session/d12326c67ac3df984b4d721b5314ca29/element/f5661aa2-1e1d-402e-a865-45700e3fd574/name HTTP/1.1
User-Agent: selenium/4.1.2 (java windows)
Cache-Control: no-cache
Content-Type: application/json; charset=utf-8
host: localhost:56480
accept: */*

Response DefaultHttpResponse(decodeResult: success, version: HTTP/1.1)
HTTP/1.1 200 OK
Content-Type: application/json; charset=utf-8
cache-control: no-cache
content-length: 18

14:55:47.153 [AsyncHttpClient-1-2] DEBUG org.asynchttpclient.netty.channel.ChannelManager - Adding key: http://localhost:56480 for channel [id: 0xdfc02566, L:/127.0.0.1:56894 - R:localhost/127.0.0.1:56480]
14:55:47.158 [Forwarding isElementEnabled on session d12326c67ac3df984b4d721b5314ca29 to remote] DEBUG org.asynchttpclient.netty.request.NettyRequestSender - Using pooled Channel '[id: 0xdfc02566, L:/127.0.0.1:56894 - R:localhost/127.0.0.1:56480]' for 'GET' to 'http://localhost:56480/session/d12326c67ac3df984b4d721b5314ca29/element/f5661aa2-1e1d-402e-a865-45700e3fd574/enabled'
14:55:47.159 [Forwarding isElementEnabled on session d12326c67ac3df984b4d721b5314ca29 to remote] DEBUG org.asynchttpclient.netty.request.NettyRequestSender - Using open Channel [id: 0xdfc02566, L:/127.0.0.1:56894 - R:localhost/127.0.0.1:56480] for GET '/session/d12326c67ac3df984b4d721b5314ca29/element/f5661aa2-1e1d-402e-a865-45700e3fd574/enabled'
14:55:47.177 [AsyncHttpClient-1-2] DEBUG org.asynchttpclient.netty.handler.HttpHandler - 

Request DefaultFullHttpRequest(decodeResult: success, version: HTTP/1.1, content: EmptyByteBufBE)
GET /session/d12326c67ac3df984b4d721b5314ca29/element/f5661aa2-1e1d-402e-a865-45700e3fd574/enabled HTTP/1.1
User-Agent: selenium/4.1.2 (java windows)
Cache-Control: no-cache
Content-Type: application/json; charset=utf-8
host: localhost:56480
accept: */*

Response DefaultHttpResponse(decodeResult: success, version: HTTP/1.1)
HTTP/1.1 200 OK
Content-Type: application/json; charset=utf-8
cache-control: no-cache
content-length: 14

14:55:47.177 [AsyncHttpClient-1-2] DEBUG org.asynchttpclient.netty.channel.ChannelManager - Adding key: http://localhost:56480 for channel [id: 0xdfc02566, L:/127.0.0.1:56894 - R:localhost/127.0.0.1:56480]
14:55:47.179 [Forwarding isElementEnabled on session d12326c67ac3df984b4d721b5314ca29 to remote] DEBUG org.asynchttpclient.netty.request.NettyRequestSender - Using pooled Channel '[id: 0xdfc02566, L:/127.0.0.1:56894 - R:localhost/127.0.0.1:56480]' for 'GET' to 'http://localhost:56480/session/d12326c67ac3df984b4d721b5314ca29/element/f5661aa2-1e1d-402e-a865-45700e3fd574/enabled'
14:55:47.179 [Forwarding isElementEnabled on session d12326c67ac3df984b4d721b5314ca29 to remote] DEBUG org.asynchttpclient.netty.request.NettyRequestSender - Using open Channel [id: 0xdfc02566, L:/127.0.0.1:56894 - R:localhost/127.0.0.1:56480] for GET '/session/d12326c67ac3df984b4d721b5314ca29/element/f5661aa2-1e1d-402e-a865-45700e3fd574/enabled'
14:55:47.191 [AsyncHttpClient-1-2] DEBUG org.asynchttpclient.netty.handler.HttpHandler - 

Request DefaultFullHttpRequest(decodeResult: success, version: HTTP/1.1, content: EmptyByteBufBE)
GET /session/d12326c67ac3df984b4d721b5314ca29/element/f5661aa2-1e1d-402e-a865-45700e3fd574/enabled HTTP/1.1
User-Agent: selenium/4.1.2 (java windows)
Cache-Control: no-cache
Content-Type: application/json; charset=utf-8
host: localhost:56480
accept: */*

Response DefaultHttpResponse(decodeResult: success, version: HTTP/1.1)
HTTP/1.1 200 OK
Content-Type: application/json; charset=utf-8
cache-control: no-cache
content-length: 14

14:55:47.192 [AsyncHttpClient-1-2] DEBUG org.asynchttpclient.netty.channel.ChannelManager - Adding key: http://localhost:56480 for channel [id: 0xdfc02566, L:/127.0.0.1:56894 - R:localhost/127.0.0.1:56480]
14:55:47.194 [Forwarding findElement on session d12326c67ac3df984b4d721b5314ca29 to remote] DEBUG org.asynchttpclient.netty.request.NettyRequestSender - Using pooled Channel '[id: 0xdfc02566, L:/127.0.0.1:56894 - R:localhost/127.0.0.1:56480]' for 'POST' to 'http://localhost:56480/session/d12326c67ac3df984b4d721b5314ca29/element'
14:55:47.194 [Forwarding findElement on session d12326c67ac3df984b4d721b5314ca29 to remote] DEBUG org.asynchttpclient.netty.request.NettyRequestSender - Using open Channel [id: 0xdfc02566, L:/127.0.0.1:56894 - R:localhost/127.0.0.1:56480] for POST '/session/d12326c67ac3df984b4d721b5314ca29/element'
14:55:47.209 [AsyncHttpClient-1-2] DEBUG org.asynchttpclient.netty.handler.HttpHandler - 

Request DefaultHttpRequest(decodeResult: success, version: HTTP/1.1)
POST /session/d12326c67ac3df984b4d721b5314ca29/element HTTP/1.1
User-Agent: selenium/4.1.2 (java windows)
Content-Length: 79
Content-Type: application/json; charset=utf-8
host: localhost:56480
accept: */*

Response DefaultHttpResponse(decodeResult: success, version: HTTP/1.1)
HTTP/1.1 200 OK
Content-Type: application/json; charset=utf-8
cache-control: no-cache
content-length: 88

14:55:47.209 [AsyncHttpClient-1-2] DEBUG org.asynchttpclient.netty.channel.ChannelManager - Adding key: http://localhost:56480 for channel [id: 0xdfc02566, L:/127.0.0.1:56894 - R:localhost/127.0.0.1:56480]
14:55:47.211 [Forwarding clickElement on session d12326c67ac3df984b4d721b5314ca29 to remote] DEBUG org.asynchttpclient.netty.request.NettyRequestSender - Using pooled Channel '[id: 0xdfc02566, L:/127.0.0.1:56894 - R:localhost/127.0.0.1:56480]' for 'POST' to 'http://localhost:56480/session/d12326c67ac3df984b4d721b5314ca29/element/f5661aa2-1e1d-402e-a865-45700e3fd574/click'
14:55:47.211 [Forwarding clickElement on session d12326c67ac3df984b4d721b5314ca29 to remote] DEBUG org.asynchttpclient.netty.request.NettyRequestSender - Using open Channel [id: 0xdfc02566, L:/127.0.0.1:56894 - R:localhost/127.0.0.1:56480] for POST '/session/d12326c67ac3df984b4d721b5314ca29/element/f5661aa2-1e1d-402e-a865-45700e3fd574/click'
14:55:47.234 [AsyncHttpClient-1-1] DEBUG org.asynchttpclient.netty.channel.DefaultChannelPool - Entry count for : http://localhost:56895 : 1
14:55:47.273 [AsyncHttpClient-1-2] DEBUG org.asynchttpclient.netty.handler.HttpHandler - 

Request DefaultHttpRequest(decodeResult: success, version: HTTP/1.1)
POST /session/d12326c67ac3df984b4d721b5314ca29/element/f5661aa2-1e1d-402e-a865-45700e3fd574/click HTTP/1.1
User-Agent: selenium/4.1.2 (java windows)
Content-Length: 50
Content-Type: application/json; charset=utf-8
host: localhost:56480
accept: */*

Response DefaultHttpResponse(decodeResult: success, version: HTTP/1.1)
HTTP/1.1 200 OK
Content-Type: application/json; charset=utf-8
cache-control: no-cache
content-length: 14

14:55:47.273 [AsyncHttpClient-1-2] DEBUG org.asynchttpclient.netty.channel.ChannelManager - Adding key: http://localhost:56480 for channel [id: 0xdfc02566, L:/127.0.0.1:56894 - R:localhost/127.0.0.1:56480]
14:55:47.280 [Forwarding screenshot on session d12326c67ac3df984b4d721b5314ca29 to remote] DEBUG org.asynchttpclient.netty.request.NettyRequestSender - Using pooled Channel '[id: 0xdfc02566, L:/127.0.0.1:56894 - R:localhost/127.0.0.1:56480]' for 'GET' to 'http://localhost:56480/session/d12326c67ac3df984b4d721b5314ca29/screenshot'
14:55:47.280 [Forwarding screenshot on session d12326c67ac3df984b4d721b5314ca29 to remote] DEBUG org.asynchttpclient.netty.request.NettyRequestSender - Using open Channel [id: 0xdfc02566, L:/127.0.0.1:56894 - R:localhost/127.0.0.1:56480] for GET '/session/d12326c67ac3df984b4d721b5314ca29/screenshot'
14:55:47.646 [AsyncHttpClient-1-2] DEBUG org.asynchttpclient.netty.handler.HttpHandler - 

Request DefaultFullHttpRequest(decodeResult: success, version: HTTP/1.1, content: EmptyByteBufBE)
GET /session/d12326c67ac3df984b4d721b5314ca29/screenshot HTTP/1.1
User-Agent: selenium/4.1.2 (java windows)
Cache-Control: no-cache
Content-Type: application/json; charset=utf-8
host: localhost:56480
accept: */*

Response DefaultHttpResponse(decodeResult: success, version: HTTP/1.1)
HTTP/1.1 200 OK
Content-Type: application/json; charset=utf-8
cache-control: no-cache
content-length: 585792

14:55:47.648 [AsyncHttpClient-1-2] DEBUG org.asynchttpclient.netty.channel.ChannelManager - Adding key: http://localhost:56480 for channel [id: 0xdfc02566, L:/127.0.0.1:56894 - R:localhost/127.0.0.1:56480]
14:55:47.664 [main] DEBUG net.serenitybdd.core.photography.Darkroom - Send negative for processing for target\site\serenity\c78aeb58deed14b73472bfa22f9d63e998ac155c79d7267c263621506c6e8a9a.png
14:55:47.664 [main] DEBUG net.thucydides.core.steps.StepInterceptor - STEP DONE: logoutsucsess
  &amp#27;[32mThen &amp#27;[0m&amp#27;[32madmin sucsess loguout page&amp#27;[0m  &amp#27;[90m# starter.definitions.LogoutSteps.adminSucsessLoguoutPage()&amp#27;[0m
14:55:47.666 [Darkroom Processing Line] DEBUG net.serenitybdd.core.photography.DarkroomProcessingLine - Processing screenshot image in /var/screenshots/screenshot-5126853288781414908
14:55:47.666 [Darkroom Processing Line] DEBUG net.serenitybdd.core.photography.DarkroomProcessingLine - Saving screenshot to target\site\serenity\c78aeb58deed14b73472bfa22f9d63e998ac155c79d7267c263621506c6e8a9a.png
14:55:47.678 [main] INFO  - 
  _____   ___   ___   _____     ___     _     ___   ___   ___   ___  
 |_   _| | __| / __| |_   _|   | _ \   /_\   / __| / __| | __| |   \ 
   | |   | _|  \__ \   | |     |  _/  / _ \  \__ \ \__ \ | _|  | |) |
   |_|   |___| |___/   |_|     |_|   /_/ \_\ |___/ |___/ |___| |___/ 

Adminlogoutwebsite
----------------------------------------------------------------------
14:55:47.819 [AsyncHttpClient-1-4] DEBUG org.asynchttpclient.netty.handler.WebSocketHandler - Channel Closed: [id: 0x12a3b8c5, L:/127.0.0.1:56902 ! R:localhost/127.0.0.1:56895] with attribute NettyResponseFuture{currentRetry=5,
	isDone=1,
	isCancelled=0,
	asyncHandler=org.asynchttpclient.ws.WebSocketUpgradeHandler@1ce5f80d,
	nettyRequest=org.asynchttpclient.netty.request.NettyRequest@3d56d57e,
	future=java.util.concurrent.CompletableFuture@24d84881[Completed normally],
	uri=ws://localhost:56895/devtools/browser/9d5273e4-f6c1-4308-83db-dc75302d1819,
	keepAlive=true,
	redirectCount=0,
	timeoutsHolder=null,
	inAuth=0,
	touch=1658472936722}
14:55:47.819 [AsyncHttpClient-1-4] DEBUG org.asynchttpclient.netty.channel.ChannelManager - Closing Channel [id: 0x12a3b8c5, L:/127.0.0.1:56902 ! R:localhost/127.0.0.1:56895] 
14:55:47.821 [Driver Command Executor] DEBUG org.asynchttpclient.netty.request.NettyRequestSender - Using pooled Channel '[id: 0xdfc02566, L:/127.0.0.1:56894 - R:localhost/127.0.0.1:56480]' for 'DELETE' to 'http://localhost:56480/session/d12326c67ac3df984b4d721b5314ca29'
14:55:47.821 [Driver Command Executor] DEBUG org.asynchttpclient.netty.request.NettyRequestSender - Using open Channel [id: 0xdfc02566, L:/127.0.0.1:56894 - R:localhost/127.0.0.1:56480] for DELETE '/session/d12326c67ac3df984b4d721b5314ca29'
14:55:48.330 [AsyncHttpClient-1-1] DEBUG org.asynchttpclient.netty.channel.DefaultChannelPool - Entry count for : http://localhost:56895 : 1
14:55:49.209 [AsyncHttpClient-1-3] DEBUG org.asynchttpclient.netty.handler.HttpHandler - Unexpected I/O exception on channel [id: 0xd2040ddd, L:/127.0.0.1:56901 - R:localhost/127.0.0.1:56895]
java.net.SocketException: Connection reset
	at java.base/sun.nio.ch.SocketChannelImpl.throwConnectionReset(SocketChannelImpl.java:394)
	at java.base/sun.nio.ch.SocketChannelImpl.read(SocketChannelImpl.java:426)
	at io.netty.buffer.PooledByteBuf.setBytes(PooledByteBuf.java:258)
	at io.netty.buffer.AbstractByteBuf.writeBytes(AbstractByteBuf.java:1132)
	at io.netty.channel.socket.nio.NioSocketChannel.doReadBytes(NioSocketChannel.java:350)
	at io.netty.channel.nio.AbstractNioByteChannel$NioByteUnsafe.read(AbstractNioByteChannel.java:151)
	at io.netty.channel.nio.NioEventLoop.processSelectedKey(NioEventLoop.java:722)
	at io.netty.channel.nio.NioEventLoop.processSelectedKeysOptimized(NioEventLoop.java:658)
	at io.netty.channel.nio.NioEventLoop.processSelectedKeys(NioEventLoop.java:584)
	at io.netty.channel.nio.NioEventLoop.run(NioEventLoop.java:496)
	at io.netty.util.concurrent.SingleThreadEventExecutor$4.run(SingleThreadEventExecutor.java:986)
	at io.netty.util.internal.ThreadExecutorMap$2.run(ThreadExecutorMap.java:74)
	at io.netty.util.concurrent.FastThreadLocalRunnable.run(FastThreadLocalRunnable.java:30)
	at java.base/java.lang.Thread.run(Thread.java:833)
14:55:49.210 [AsyncHttpClient-1-3] DEBUG org.asynchttpclient.netty.channel.ChannelManager - Closing Channel [id: 0xd2040ddd, L:/127.0.0.1:56901 - R:localhost/127.0.0.1:56895] 
14:55:49.211 [AsyncHttpClient-1-3] DEBUG org.asynchttpclient.netty.handler.HttpHandler - Channel Closed: [id: 0xd2040ddd, L:/127.0.0.1:56901 ! R:localhost/127.0.0.1:56895] with attribute DISCARD
14:55:49.428 [AsyncHttpClient-1-1] DEBUG org.asynchttpclient.netty.channel.DefaultChannelPool - Entry count for : http://localhost:56895 : 1
14:55:49.428 [AsyncHttpClient-1-1] DEBUG org.asynchttpclient.netty.channel.DefaultChannelPool - Adding Candidate expired Channel [id: 0xd2040ddd, L:/127.0.0.1:56901 ! R:localhost/127.0.0.1:56895] isIdleTimeoutExpired=false isRemotelyClosed=true isTtlExpired=false
14:55:49.428 [AsyncHttpClient-1-1] DEBUG org.asynchttpclient.netty.channel.DefaultChannelPool - Closing Idle Channel [id: 0xd2040ddd, L:/127.0.0.1:56901 ! R:localhost/127.0.0.1:56895]
14:55:49.428 [AsyncHttpClient-1-1] DEBUG org.asynchttpclient.netty.channel.DefaultChannelPool - Closed 1 connections out of 1 in 0 ms
14:55:49.668 [AsyncHttpClient-1-2] DEBUG org.asynchttpclient.netty.handler.HttpHandler - 

Request DefaultFullHttpRequest(decodeResult: success, version: HTTP/1.1, content: EmptyByteBufBE)
DELETE /session/d12326c67ac3df984b4d721b5314ca29 HTTP/1.1
User-Agent: selenium/4.1.2 (java windows)
Content-Type: application/json; charset=utf-8
host: localhost:56480
accept: */*

Response DefaultHttpResponse(decodeResult: success, version: HTTP/1.1)
HTTP/1.1 200 OK
Content-Type: application/json; charset=utf-8
cache-control: no-cache
content-length: 14

14:55:49.668 [AsyncHttpClient-1-2] DEBUG org.asynchttpclient.netty.channel.ChannelManager - Adding key: http://localhost:56480 for channel [id: 0xdfc02566, L:/127.0.0.1:56894 - R:localhost/127.0.0.1:56480]
14:55:50.534 [AsyncHttpClient-1-1] DEBUG org.asynchttpclient.netty.channel.DefaultChannelPool - Entry count for : http://localhost:56480 : 1
14:55:50.685 [AsyncHttpClient-1-2] DEBUG org.asynchttpclient.netty.handler.HttpHandler - Unexpected I/O exception on channel [id: 0xdfc02566, L:/127.0.0.1:56894 - R:localhost/127.0.0.1:56480]
java.net.SocketException: Connection reset
	at java.base/sun.nio.ch.SocketChannelImpl.throwConnectionReset(SocketChannelImpl.java:394)
	at java.base/sun.nio.ch.SocketChannelImpl.read(SocketChannelImpl.java:426)
	at io.netty.buffer.PooledByteBuf.setBytes(PooledByteBuf.java:258)
	at io.netty.buffer.AbstractByteBuf.writeBytes(AbstractByteBuf.java:1132)
	at io.netty.channel.socket.nio.NioSocketChannel.doReadBytes(NioSocketChannel.java:350)
	at io.netty.channel.nio.AbstractNioByteChannel$NioByteUnsafe.read(AbstractNioByteChannel.java:151)
	at io.netty.channel.nio.NioEventLoop.processSelectedKey(NioEventLoop.java:722)
	at io.netty.channel.nio.NioEventLoop.processSelectedKeysOptimized(NioEventLoop.java:658)
	at io.netty.channel.nio.NioEventLoop.processSelectedKeys(NioEventLoop.java:584)
	at io.netty.channel.nio.NioEventLoop.run(NioEventLoop.java:496)
	at io.netty.util.concurrent.SingleThreadEventExecutor$4.run(SingleThreadEventExecutor.java:986)
	at io.netty.util.internal.ThreadExecutorMap$2.run(ThreadExecutorMap.java:74)
	at io.netty.util.concurrent.FastThreadLocalRunnable.run(FastThreadLocalRunnable.java:30)
	at java.base/java.lang.Thread.run(Thread.java:833)
14:55:50.685 [AsyncHttpClient-1-2] DEBUG org.asynchttpclient.netty.channel.ChannelManager - Closing Channel [id: 0xdfc02566, L:/127.0.0.1:56894 - R:localhost/127.0.0.1:56480] 
14:55:50.685 [AsyncHttpClient-1-2] DEBUG org.asynchttpclient.netty.handler.HttpHandler - Channel Closed: [id: 0xdfc02566, L:/127.0.0.1:56894 ! R:localhost/127.0.0.1:56480] with attribute DISCARD
]]></system-out>
    <system-err><![CDATA[Starting ChromeDriver 103.0.5060.134 (8ec6fce403b3feb0869b0732eda8bd95011d333c-refs/branch-heads/5060@{#1262}) on port 56480
Only local connections are allowed.
Please see https://chromedriver.chromium.org/security-considerations for suggestions on keeping ChromeDriver safe.
ChromeDriver was started successfully.
Jul 22, 2022 2:55:36 PM org.openqa.selenium.remote.ProtocolHandshake createSession
INFO: Detected dialect: W3C
Jul 22, 2022 2:55:36 PM org.openqa.selenium.devtools.CdpVersionFinder findNearestMatch
WARNING: Unable to find an exact match for CDP version 103, so returning the closest version found: a no-op implementation
Jul 22, 2022 2:55:36 PM org.openqa.selenium.devtools.CdpVersionFinder findNearestMatch
INFO: Unable to find CDP implementation matching 103.
Jul 22, 2022 2:55:36 PM org.openqa.selenium.chromium.ChromiumDriver lambda$new$3
WARNING: Unable to find version of CDP to use for . You may need to include a dependency on a specific version of the CDP using something similar to `org.seleniumhq.selenium:selenium-devtools-v86:4.1.2` where the version ("v86") matches the version of the chromium-based browser you're using and the version number of the artifact is the same as Selenium's.
]]></system-err>
  </testcase>
</testsuite>