-------------------------------------------------------------------------------
Test set: starter.CucumberTestSuite
-------------------------------------------------------------------------------
Tests run: 6, Failures: 0, Errors: 2, Skipped: 4, Time elapsed: 7.235 sec <<< FAILURE! - in starter.CucumberTestSuite
as user on loading screen home klik icon lewati and click icon masuk(succsess login)  Time elapsed: 0.886 sec  <<< ERROR!
org.openqa.selenium.SessionNotCreatedException: 
Unable to create a new remote session. Please check the server log for more details. Original error: An unknown server-side error occurred while processing the command. Original error: The application at 'D:\capstone projek\mobile testing\app/sportlyfixbuglogin.apk' does not exist or is not accessible
Build info: version: '3.141.59', revision: 'e82be7d358', time: '2018-11-14T08:17:03'
System info: host: 'DESKTOP-5EG9UC4', ip: '192.168.1.3', os.name: 'Windows 10', os.arch: 'amd64', os.version: '10.0', java.version: '17.0.2'
Driver info: driver.version: AndroidDriver
remote stacktrace: UnknownError: An unknown server-side error occurred while processing the command. Original error: The application at 'D:\capstone projek\mobile testing\app/sportlyfixbuglogin.apk' does not exist or is not accessible
    at getResponseForW3CError (C:\Program Files\Appium Server GUI\resources\app\node_modules\appium\node_modules\appium-base-driver\lib\protocol\errors.js:804:9)
    at asyncHandler (C:\Program Files\Appium Server GUI\resources\app\node_modules\appium\node_modules\appium-base-driver\lib\protocol\protocol.js:380:37)
Build info: version: '3.141.59', revision: 'e82be7d358', time: '2018-11-14T08:17:03'
System info: host: 'DESKTOP-5EG9UC4', ip: '192.168.1.3', os.name: 'Windows 10', os.arch: 'amd64', os.version: '10.0', java.version: '17.0.2'
Driver info: driver.version: AndroidDriver
Caused by: java.lang.reflect.InvocationTargetException
Caused by: org.openqa.selenium.WebDriverException: 
An unknown server-side error occurred while processing the command. Original error: The application at 'D:\capstone projek\mobile testing\app/sportlyfixbuglogin.apk' does not exist or is not accessible
Build info: version: '3.141.59', revision: 'e82be7d358', time: '2018-11-14T08:17:03'
System info: host: 'DESKTOP-5EG9UC4', ip: '192.168.1.3', os.name: 'Windows 10', os.arch: 'amd64', os.version: '10.0', java.version: '17.0.2'
Driver info: driver.version: AndroidDriver
remote stacktrace: UnknownError: An unknown server-side error occurred while processing the command. Original error: The application at 'D:\capstone projek\mobile testing\app/sportlyfixbuglogin.apk' does not exist or is not accessible
    at getResponseForW3CError (C:\Program Files\Appium Server GUI\resources\app\node_modules\appium\node_modules\appium-base-driver\lib\protocol\errors.js:804:9)
    at asyncHandler (C:\Program Files\Appium Server GUI\resources\app\node_modules\appium\node_modules\appium-base-driver\lib\protocol\protocol.js:380:37)

succsess login  Time elapsed: 0.021 sec  <<< ERROR!
org.openqa.selenium.SessionNotCreatedException: 
Unable to create a new remote session. Please check the server log for more details. Original error: An unknown server-side error occurred while processing the command. Original error: The application at 'D:\capstone projek\mobile testing\app/sportlyfixbuglogin.apk' does not exist or is not accessible
Build info: version: '3.141.59', revision: 'e82be7d358', time: '2018-11-14T08:17:03'
System info: host: 'DESKTOP-5EG9UC4', ip: '192.168.1.3', os.name: 'Windows 10', os.arch: 'amd64', os.version: '10.0', java.version: '17.0.2'
Driver info: driver.version: AndroidDriver
remote stacktrace: UnknownError: An unknown server-side error occurred while processing the command. Original error: The application at 'D:\capstone projek\mobile testing\app/sportlyfixbuglogin.apk' does not exist or is not accessible
    at getResponseForW3CError (C:\Program Files\Appium Server GUI\resources\app\node_modules\appium\node_modules\appium-base-driver\lib\protocol\errors.js:804:9)
    at asyncHandler (C:\Program Files\Appium Server GUI\resources\app\node_modules\appium\node_modules\appium-base-driver\lib\protocol\protocol.js:380:37)
Build info: version: '3.141.59', revision: 'e82be7d358', time: '2018-11-14T08:17:03'
System info: host: 'DESKTOP-5EG9UC4', ip: '192.168.1.3', os.name: 'Windows 10', os.arch: 'amd64', os.version: '10.0', java.version: '17.0.2'
Driver info: driver.version: AndroidDriver
Caused by: java.lang.reflect.InvocationTargetException
Caused by: org.openqa.selenium.WebDriverException: 
An unknown server-side error occurred while processing the command. Original error: The application at 'D:\capstone projek\mobile testing\app/sportlyfixbuglogin.apk' does not exist or is not accessible
Build info: version: '3.141.59', revision: 'e82be7d358', time: '2018-11-14T08:17:03'
System info: host: 'DESKTOP-5EG9UC4', ip: '192.168.1.3', os.name: 'Windows 10', os.arch: 'amd64', os.version: '10.0', java.version: '17.0.2'
Driver info: driver.version: AndroidDriver
remote stacktrace: UnknownError: An unknown server-side error occurred while processing the command. Original error: The application at 'D:\capstone projek\mobile testing\app/sportlyfixbuglogin.apk' does not exist or is not accessible
    at getResponseForW3CError (C:\Program Files\Appium Server GUI\resources\app\node_modules\appium\node_modules\appium-base-driver\lib\protocol\errors.js:804:9)
    at asyncHandler (C:\Program Files\Appium Server GUI\resources\app\node_modules\appium\node_modules\appium-base-driver\lib\protocol\protocol.js:380:37)

